<?xml version="1.0" encoding="UTF-8"?>
<!-- Generated by org.testng.reporters.JUnitXMLReporter -->
<testsuite hostname="XIPLRAC009" ignored="0" name="Default test" tests="3" failures="0" timestamp="03 Jun 2018 18:15:37 GMT" time="75.723" errors="0">
  <testcase name="loginPageTitleTest" time="0.029" classname="com.clickTime.qa.testCases.LoginPageTest"/>
  <testcase name="clickTimeImageLogoTest" time="0.077" classname="com.clickTime.qa.testCases.LoginPageTest"/>
  <testcase name="loginTest" time="19.042" classname="com.clickTime.qa.testCases.LoginPageTest"/>
</testsuite> <!-- Default test -->
