<?xml version="1.0" encoding="UTF-8"?>
<!-- Generated by org.testng.reporters.JUnitXMLReporter -->
<testsuite hostname="XIPLRAC009" ignored="0" name="Test" tests="6" failures="1" timestamp="03 Jun 2018 18:20:03 GMT" time="102.026" errors="0">
  <testcase name="loginPageTitleTest" time="0.017" classname="com.clickTime.qa.testCases.LoginPageTest"/>
  <testcase name="verifyHomePageTitletest" time="0.041" classname="com.clickTime.qa.testCases.HomePageTest"/>
  <testcase name="clickTimeImageLogoTest" time="0.055" classname="com.clickTime.qa.testCases.LoginPageTest"/>
  <testcase name="verifyusernameLabeltest" time="0.04" classname="com.clickTime.qa.testCases.HomePageTest"/>
  <testcase name="loginTest" time="31.883" classname="com.clickTime.qa.testCases.LoginPageTest"/>
  <testcase name="fillTimeWeeklyTimeSheettest" time="1.59" classname="com.clickTime.qa.testCases.HomePageTest">
    <failure type="java.lang.StackOverflowError">
      <![CDATA[java.lang.StackOverflowError
at java.util.regex.Pattern$BmpCharProperty.match(Unknown Source)
at java.util.regex.Pattern$GroupHead.match(Unknown Source)
at java.util.regex.Pattern$Branch.match(Unknown Source)
at java.util.regex.Pattern$Branch.match(Unknown Source)
at java.util.regex.Pattern$Branch.match(Unknown Source)
at java.util.regex.Pattern$BranchConn.match(Unknown Source)
at java.util.regex.Pattern$GroupTail.match(Unknown Source)
at java.util.regex.Pattern$Curly.match0(Unknown Source)
at java.util.regex.Pattern$Curly.match(Unknown Source)
at java.util.regex.Pattern$GroupHead.match(Unknown Source)
at java.util.regex.Pattern$Branch.match(Unknown Source)
at java.util.regex.Pattern$Branch.match(Unknown Source)
at java.util.regex.Pattern$BmpCharProperty.match(Unknown Source)
at java.util.regex.Pattern$Start.match(Unknown Source)
at java.util.regex.Matcher.search(Unknown Source)
at java.util.regex.Matcher.find(Unknown Source)
at java.util.Formatter.parse(Unknown Source)
at java.util.Formatter.format(Unknown Source)
at java.util.Formatter.format(Unknown Source)
at java.lang.String.format(Unknown Source)
at org.openqa.selenium.internal.BuildInfo.toString(BuildInfo.java:97)
at java.lang.String.valueOf(Unknown Source)
at java.lang.StringBuilder.append(Unknown Source)
at org.openqa.selenium.WebDriverException.createMessage(WebDriverException.java:62)
at org.openqa.selenium.WebDriverException.getMessage(WebDriverException.java:53)
at java.lang.Throwable.getLocalizedMessage(Unknown Source)
at java.lang.Throwable.toString(Unknown Source)
at java.lang.String.valueOf(Unknown Source)
at java.lang.StringBuilder.append(Unknown Source)
at com.clickTime.qa.util.WebEventListener.onException(WebEventListener.java:61)
at org.openqa.selenium.support.events.EventFiringWebDriver$1.invoke(EventFiringWebDriver.java:80)
at com.sun.proxy.$Proxy6.onException(Unknown Source)
at org.openqa.selenium.support.events.EventFiringWebDriver$2.invoke(EventFiringWebDriver.java:105)
at com.sun.proxy.$Proxy7.getScreenshotAs(Unknown Source)
at org.openqa.selenium.support.events.EventFiringWebDriver.getScreenshotAs(EventFiringWebDriver.java:269)
at com.clickTime.qa.util.TestUtil.takeScreenshotAtEndOfTest(TestUtil.java:61)
at com.clickTime.qa.util.WebEventListener.onException(WebEventListener.java:63)
at org.openqa.selenium.support.events.EventFiringWebDriver$1.invoke(EventFiringWebDriver.java:80)
at com.sun.proxy.$Proxy6.onException(Unknown Source)
at org.openqa.selenium.support.events.EventFiringWebDriver$2.invoke(EventFiringWebDriver.java:105)
at com.sun.proxy.$Proxy7.getScreenshotAs(Unknown Source)
at org.openqa.selenium.support.events.EventFiringWebDriver.getScreenshotAs(EventFiringWebDriver.java:269)
at com.clickTime.qa.util.TestUtil.takeScreenshotAtEndOfTest(TestUtil.java:61)
at com.clickTime.qa.util.WebEventListener.onException(WebEventListener.java:63)
at org.openqa.selenium.support.events.EventFiringWebDriver$1.invoke(EventFiringWebDriver.java:80)
at com.sun.proxy.$Proxy6.onException(Unknown Source)
at org.openqa.selenium.support.events.EventFiringWebDriver$2.invoke(EventFiringWebDriver.java:105)
at com.sun.proxy.$Proxy7.getScreenshotAs(Unknown Source)
at org.openqa.selenium.support.events.EventFiringWebDriver.getScreenshotAs(EventFiringWebDriver.java:269)
at com.clickTime.qa.util.TestUtil.takeScreenshotAtEndOfTest(TestUtil.java:61)
at com.clickTime.qa.util.WebEventListener.onException(WebEventListener.java:63)
at org.openqa.selenium.support.events.EventFiringWebDriver$1.invoke(EventFiringWebDriver.java:80)
at com.sun.proxy.$Proxy6.onException(Unknown Source)
at org.openqa.selenium.support.events.EventFiringWebDriver$2.invoke(EventFiringWebDriver.java:105)
at com.sun.proxy.$Proxy7.getScreenshotAs(Unknown Source)
at org.openqa.selenium.support.events.EventFiringWebDriver.getScreenshotAs(EventFiringWebDriver.java:269)
at com.clickTime.qa.util.TestUtil.takeScreenshotAtEndOfTest(TestUtil.java:61)
at com.clickTime.qa.util.WebEventListener.onException(WebEventListener.java:63)
at org.openqa.selenium.support.events.EventFiringWebDriver$1.invoke(EventFiringWebDriver.java:80)
at com.sun.proxy.$Proxy6.onException(Unknown Source)
at org.openqa.selenium.support.events.EventFiringWebDriver$2.invoke(EventFiringWebDriver.java:105)
at com.sun.proxy.$Proxy7.getScreenshotAs(Unknown Source)
at org.openqa.selenium.support.events.EventFiringWebDriver.getScreenshotAs(EventFiringWebDriver.java:269)
at com.clickTime.qa.util.TestUtil.takeScreenshotAtEndOfTest(TestUtil.java:61)
at com.clickTime.qa.util.WebEventListener.onException(WebEventListener.java:63)
at org.openqa.selenium.support.events.EventFiringWebDriver$1.invoke(EventFiringWebDriver.java:80)
at com.sun.proxy.$Proxy6.onException(Unknown Source)
at org.openqa.selenium.support.events.EventFiringWebDriver$2.invoke(EventFiringWebDriver.java:105)
at com.sun.proxy.$Proxy7.getScreenshotAs(Unknown Source)
at org.openqa.selenium.support.events.EventFiringWebDriver.getScreenshotAs(EventFiringWebDriver.java:269)
at com.clickTime.qa.util.TestUtil.takeScreenshotAtEndOfTest(TestUtil.java:61)
at com.clickTime.qa.util.WebEventListener.onException(WebEventListener.java:63)
at org.openqa.selenium.support.events.EventFiringWebDriver$1.invoke(EventFiringWebDriver.java:80)
at com.sun.proxy.$Proxy6.onException(Unknown Source)
at org.openqa.selenium.support.events.EventFiringWebDriver$2.invoke(EventFiringWebDriver.java:105)
at com.sun.proxy.$Proxy7.getScreenshotAs(Unknown Source)
at org.openqa.selenium.support.events.EventFiringWebDriver.getScreenshotAs(EventFiringWebDriver.java:269)
at com.clickTime.qa.util.TestUtil.takeScreenshotAtEndOfTest(TestUtil.java:61)
at com.clickTime.qa.util.WebEventListener.onException(WebEventListener.java:63)
at org.openqa.selenium.support.events.EventFiringWebDriver$1.invoke(EventFiringWebDriver.java:80)
at com.sun.proxy.$Proxy6.onException(Unknown Source)
at org.openqa.selenium.support.events.EventFiringWebDriver$2.invoke(EventFiringWebDriver.java:105)
at com.sun.proxy.$Proxy7.getScreenshotAs(Unknown Source)
at org.openqa.selenium.support.events.EventFiringWebDriver.getScreenshotAs(EventFiringWebDriver.java:269)
at com.clickTime.qa.util.TestUtil.takeScreenshotAtEndOfTest(TestUtil.java:61)
at com.clickTime.qa.util.WebEventListener.onException(WebEventListener.java:63)
at org.openqa.selenium.support.events.EventFiringWebDriver$1.invoke(EventFiringWebDriver.java:80)
at com.sun.proxy.$Proxy6.onException(Unknown Source)
at org.openqa.selenium.support.events.EventFiringWebDriver$2.invoke(EventFiringWebDriver.java:105)
at com.sun.proxy.$Proxy7.getScreenshotAs(Unknown Source)
at org.openqa.selenium.support.events.EventFiringWebDriver.getScreenshotAs(EventFiringWebDriver.java:269)
at com.clickTime.qa.util.TestUtil.takeScreenshotAtEndOfTest(TestUtil.java:61)
at com.clickTime.qa.util.WebEventListener.onException(WebEventListener.java:63)
at org.openqa.selenium.support.events.EventFiringWebDriver$1.invoke(EventFiringWebDriver.java:80)
at com.sun.proxy.$Proxy6.onException(Unknown Source)
at org.openqa.selenium.support.events.EventFiringWebDriver$2.invoke(EventFiringWebDriver.java:105)
at com.sun.proxy.$Proxy7.getScreenshotAs(Unknown Source)
at org.openqa.selenium.support.events.EventFiringWebDriver.getScreenshotAs(EventFiringWebDriver.java:269)
at com.clickTime.qa.util.TestUtil.takeScreenshotAtEndOfTest(TestUtil.java:61)
at com.clickTime.qa.util.WebEventListener.onException(WebEventListener.java:63)
at org.openqa.selenium.support.events.EventFiringWebDriver$1.invoke(EventFiringWebDriver.java:80)
at com.sun.proxy.$Proxy6.onException(Unknown Source)
at org.openqa.selenium.support.events.EventFiringWebDriver$2.invoke(EventFiringWebDriver.java:105)
at com.sun.proxy.$Proxy7.getScreenshotAs(Unknown Source)
at org.openqa.selenium.support.events.EventFiringWebDriver.getScreenshotAs(EventFiringWebDriver.java:269)
at com.clickTime.qa.util.TestUtil.takeScreenshotAtEndOfTest(TestUtil.java:61)
at com.clickTime.qa.util.WebEventListener.onException(WebEventListener.java:63)
at org.openqa.selenium.support.events.EventFiringWebDriver$1.invoke(EventFiringWebDriver.java:80)
at com.sun.proxy.$Proxy6.onException(Unknown Source)
at org.openqa.selenium.support.events.EventFiringWebDriver$2.invoke(EventFiringWebDriver.java:105)
at com.sun.proxy.$Proxy7.getScreenshotAs(Unknown Source)
at org.openqa.selenium.support.events.EventFiringWebDriver.getScreenshotAs(EventFiringWebDriver.java:269)
at com.clickTime.qa.util.TestUtil.takeScreenshotAtEndOfTest(TestUtil.java:61)
at com.clickTime.qa.util.WebEventListener.onException(WebEventListener.java:63)
at org.openqa.selenium.support.events.EventFiringWebDriver$1.invoke(EventFiringWebDriver.java:80)
at com.sun.proxy.$Proxy6.onException(Unknown Source)
at org.openqa.selenium.support.events.EventFiringWebDriver$2.invoke(EventFiringWebDriver.java:105)
at com.sun.proxy.$Proxy7.getScreenshotAs(Unknown Source)
at org.openqa.selenium.support.events.EventFiringWebDriver.getScreenshotAs(EventFiringWebDriver.java:269)
at com.clickTime.qa.util.TestUtil.takeScreenshotAtEndOfTest(TestUtil.java:61)
at com.clickTime.qa.util.WebEventListener.onException(WebEventListener.java:63)
at org.openqa.selenium.support.events.EventFiringWebDriver$1.invoke(EventFiringWebDriver.java:80)
at com.sun.proxy.$Proxy6.onException(Unknown Source)
at org.openqa.selenium.support.events.EventFiringWebDriver$2.invoke(EventFiringWebDriver.java:105)
at com.sun.proxy.$Proxy7.getScreenshotAs(Unknown Source)
at org.openqa.selenium.support.events.EventFiringWebDriver.getScreenshotAs(EventFiringWebDriver.java:269)
at com.clickTime.qa.util.TestUtil.takeScreenshotAtEndOfTest(TestUtil.java:61)
at com.clickTime.qa.util.WebEventListener.onException(WebEventListener.java:63)
at org.openqa.selenium.support.events.EventFiringWebDriver$1.invoke(EventFiringWebDriver.java:80)
at com.sun.proxy.$Proxy6.onException(Unknown Source)
at org.openqa.selenium.support.events.EventFiringWebDriver$2.invoke(EventFiringWebDriver.java:105)
at com.sun.proxy.$Proxy7.getScreenshotAs(Unknown Source)
at org.openqa.selenium.support.events.EventFiringWebDriver.getScreenshotAs(EventFiringWebDriver.java:269)
at com.clickTime.qa.util.TestUtil.takeScreenshotAtEndOfTest(TestUtil.java:61)
at com.clickTime.qa.util.WebEventListener.onException(WebEventListener.java:63)
at org.openqa.selenium.support.events.EventFiringWebDriver$1.invoke(EventFiringWebDriver.java:80)
at com.sun.proxy.$Proxy6.onException(Unknown Source)
at org.openqa.selenium.support.events.EventFiringWebDriver$2.invoke(EventFiringWebDriver.java:105)
at com.sun.proxy.$Proxy7.getScreenshotAs(Unknown Source)
at org.openqa.selenium.support.events.EventFiringWebDriver.getScreenshotAs(EventFiringWebDriver.java:269)
at com.clickTime.qa.util.TestUtil.takeScreenshotAtEndOfTest(TestUtil.java:61)
at com.clickTime.qa.util.WebEventListener.onException(WebEventListener.java:63)
at org.openqa.selenium.support.events.EventFiringWebDriver$1.invoke(EventFiringWebDriver.java:80)
at com.sun.proxy.$Proxy6.onException(Unknown Source)
at org.openqa.selenium.support.events.EventFiringWebDriver$2.invoke(EventFiringWebDriver.java:105)
at com.sun.proxy.$Proxy7.getScreenshotAs(Unknown Source)
at org.openqa.selenium.support.events.EventFiringWebDriver.getScreenshotAs(EventFiringWebDriver.java:269)
at com.clickTime.qa.util.TestUtil.takeScreenshotAtEndOfTest(TestUtil.java:61)
at com.clickTime.qa.util.WebEventListener.onException(WebEventListener.java:63)
at org.openqa.selenium.support.events.EventFiringWebDriver$1.invoke(EventFiringWebDriver.java:80)
at com.sun.proxy.$Proxy6.onException(Unknown Source)
at org.openqa.selenium.support.events.EventFiringWebDriver$2.invoke(EventFiringWebDriver.java:105)
at com.sun.proxy.$Proxy7.getScreenshotAs(Unknown Source)
at org.openqa.selenium.support.events.EventFiringWebDriver.getScreenshotAs(EventFiringWebDriver.java:269)
at com.clickTime.qa.util.TestUtil.takeScreenshotAtEndOfTest(TestUtil.java:61)
at com.clickTime.qa.util.WebEventListener.onException(WebEventListener.java:63)
at org.openqa.selenium.support.events.EventFiringWebDriver$1.invoke(EventFiringWebDriver.java:80)
at com.sun.proxy.$Proxy6.onException(Unknown Source)
at org.openqa.selenium.support.events.EventFiringWebDriver$2.invoke(EventFiringWebDriver.java:105)
at com.sun.proxy.$Proxy7.getScreenshotAs(Unknown Source)
at org.openqa.selenium.support.events.EventFiringWebDriver.getScreenshotAs(EventFiringWebDriver.java:269)
at com.clickTime.qa.util.TestUtil.takeScreenshotAtEndOfTest(TestUtil.java:61)
at com.clickTime.qa.util.WebEventListener.onException(WebEventListener.java:63)
at org.openqa.selenium.support.events.EventFiringWebDriver$1.invoke(EventFiringWebDriver.java:80)
at com.sun.proxy.$Proxy6.onException(Unknown Source)
at org.openqa.selenium.support.events.EventFiringWebDriver$2.invoke(EventFiringWebDriver.java:105)
at com.sun.proxy.$Proxy7.getScreenshotAs(Unknown Source)
at org.openqa.selenium.support.events.EventFiringWebDriver.getScreenshotAs(EventFiringWebDriver.java:269)
at com.clickTime.qa.util.TestUtil.takeScreenshotAtEndOfTest(TestUtil.java:61)
at com.clickTime.qa.util.WebEventListener.onException(WebEventListener.java:63)
at org.openqa.selenium.support.events.EventFiringWebDriver$1.invoke(EventFiringWebDriver.java:80)
at com.sun.proxy.$Proxy6.onException(Unknown Source)
at org.openqa.selenium.support.events.EventFiringWebDriver$2.invoke(EventFiringWebDriver.java:105)
at com.sun.proxy.$Proxy7.getScreenshotAs(Unknown Source)
at org.openqa.selenium.support.events.EventFiringWebDriver.getScreenshotAs(EventFiringWebDriver.java:269)
at com.clickTime.qa.util.TestUtil.takeScreenshotAtEndOfTest(TestUtil.java:61)
at com.clickTime.qa.util.WebEventListener.onException(WebEventListener.java:63)
at org.openqa.selenium.support.events.EventFiringWebDriver$1.invoke(EventFiringWebDriver.java:80)
at com.sun.proxy.$Proxy6.onException(Unknown Source)
at org.openqa.selenium.support.events.EventFiringWebDriver$2.invoke(EventFiringWebDriver.java:105)
at com.sun.proxy.$Proxy7.getScreenshotAs(Unknown Source)
at org.openqa.selenium.support.events.EventFiringWebDriver.getScreenshotAs(EventFiringWebDriver.java:269)
at com.clickTime.qa.util.TestUtil.takeScreenshotAtEndOfTest(TestUtil.java:61)
at com.clickTime.qa.util.WebEventListener.onException(WebEventListener.java:63)
at org.openqa.selenium.support.events.EventFiringWebDriver$1.invoke(EventFiringWebDriver.java:80)
at com.sun.proxy.$Proxy6.onException(Unknown Source)
at org.openqa.selenium.support.events.EventFiringWebDriver$2.invoke(EventFiringWebDriver.java:105)
at com.sun.proxy.$Proxy7.getScreenshotAs(Unknown Source)
at org.openqa.selenium.support.events.EventFiringWebDriver.getScreenshotAs(EventFiringWebDriver.java:269)
at com.clickTime.qa.util.TestUtil.takeScreenshotAtEndOfTest(TestUtil.java:61)
at com.clickTime.qa.util.WebEventListener.onException(WebEventListener.java:63)
at org.openqa.selenium.support.events.EventFiringWebDriver$1.invoke(EventFiringWebDriver.java:80)
at com.sun.proxy.$Proxy6.onException(Unknown Source)
at org.openqa.selenium.support.events.EventFiringWebDriver$2.invoke(EventFiringWebDriver.java:105)
at com.sun.proxy.$Proxy7.getScreenshotAs(Unknown Source)
at org.openqa.selenium.support.events.EventFiringWebDriver.getScreenshotAs(EventFiringWebDriver.java:269)
at com.clickTime.qa.util.TestUtil.takeScreenshotAtEndOfTest(TestUtil.java:61)
at com.clickTime.qa.util.WebEventListener.onException(WebEventListener.java:63)
at org.openqa.selenium.support.events.EventFiringWebDriver$1.invoke(EventFiringWebDriver.java:80)
at com.sun.proxy.$Proxy6.onException(Unknown Source)
at org.openqa.selenium.support.events.EventFiringWebDriver$2.invoke(EventFiringWebDriver.java:105)
at com.sun.proxy.$Proxy7.getScreenshotAs(Unknown Source)
at org.openqa.selenium.support.events.EventFiringWebDriver.getScreenshotAs(EventFiringWebDriver.java:269)
at com.clickTime.qa.util.TestUtil.takeScreenshotAtEndOfTest(TestUtil.java:61)
at com.clickTime.qa.util.WebEventListener.onException(WebEventListener.java:63)
at org.openqa.selenium.support.events.EventFiringWebDriver$1.invoke(EventFiringWebDriver.java:80)
at com.sun.proxy.$Proxy6.onException(Unknown Source)
at org.openqa.selenium.support.events.EventFiringWebDriver$2.invoke(EventFiringWebDriver.java:105)
at com.sun.proxy.$Proxy7.getScreenshotAs(Unknown Source)
at org.openqa.selenium.support.events.EventFiringWebDriver.getScreenshotAs(EventFiringWebDriver.java:269)
at com.clickTime.qa.util.TestUtil.takeScreenshotAtEndOfTest(TestUtil.java:61)
at com.clickTime.qa.util.WebEventListener.onException(WebEventListener.java:63)
at org.openqa.selenium.support.events.EventFiringWebDriver$1.invoke(EventFiringWebDriver.java:80)
at com.sun.proxy.$Proxy6.onException(Unknown Source)
at org.openqa.selenium.support.events.EventFiringWebDriver$2.invoke(EventFiringWebDriver.java:105)
at com.sun.proxy.$Proxy7.getScreenshotAs(Unknown Source)
at org.openqa.selenium.support.events.EventFiringWebDriver.getScreenshotAs(EventFiringWebDriver.java:269)
at com.clickTime.qa.util.TestUtil.takeScreenshotAtEndOfTest(TestUtil.java:61)
at com.clickTime.qa.util.WebEventListener.onException(WebEventListener.java:63)
at org.openqa.selenium.support.events.EventFiringWebDriver$1.invoke(EventFiringWebDriver.java:80)
at com.sun.proxy.$Proxy6.onException(Unknown Source)
at org.openqa.selenium.support.events.EventFiringWebDriver$2.invoke(EventFiringWebDriver.java:105)
at com.sun.proxy.$Proxy7.getScreenshotAs(Unknown Source)
at org.openqa.selenium.support.events.EventFiringWebDriver.getScreenshotAs(EventFiringWebDriver.java:269)
at com.clickTime.qa.util.TestUtil.takeScreenshotAtEndOfTest(TestUtil.java:61)
at com.clickTime.qa.util.WebEventListener.onException(WebEventListener.java:63)
at org.openqa.selenium.support.events.EventFiringWebDriver$1.invoke(EventFiringWebDriver.java:80)
at com.sun.proxy.$Proxy6.onException(Unknown Source)
at org.openqa.selenium.support.events.EventFiringWebDriver$2.invoke(EventFiringWebDriver.java:105)
at com.sun.proxy.$Proxy7.getScreenshotAs(Unknown Source)
at org.openqa.selenium.support.events.EventFiringWebDriver.getScreenshotAs(EventFiringWebDriver.java:269)
at com.clickTime.qa.util.TestUtil.takeScreenshotAtEndOfTest(TestUtil.java:61)
at com.clickTime.qa.util.WebEventListener.onException(WebEventListener.java:63)
at org.openqa.selenium.support.events.EventFiringWebDriver$1.invoke(EventFiringWebDriver.java:80)
at com.sun.proxy.$Proxy6.onException(Unknown Source)
at org.openqa.selenium.support.events.EventFiringWebDriver$2.invoke(EventFiringWebDriver.java:105)
at com.sun.proxy.$Proxy7.getScreenshotAs(Unknown Source)
at org.openqa.selenium.support.events.EventFiringWebDriver.getScreenshotAs(EventFiringWebDriver.java:269)
at com.clickTime.qa.util.TestUtil.takeScreenshotAtEndOfTest(TestUtil.java:61)
at com.clickTime.qa.util.WebEventListener.onException(WebEventListener.java:63)
at org.openqa.selenium.support.events.EventFiringWebDriver$1.invoke(EventFiringWebDriver.java:80)
at com.sun.proxy.$Proxy6.onException(Unknown Source)
at org.openqa.selenium.support.events.EventFiringWebDriver$2.invoke(EventFiringWebDriver.java:105)
at com.sun.proxy.$Proxy7.getScreenshotAs(Unknown Source)
at org.openqa.selenium.support.events.EventFiringWebDriver.getScreenshotAs(EventFiringWebDriver.java:269)
at com.clickTime.qa.util.TestUtil.takeScreenshotAtEndOfTest(TestUtil.java:61)
at com.clickTime.qa.util.WebEventListener.onException(WebEventListener.java:63)
at org.openqa.selenium.support.events.EventFiringWebDriver$1.invoke(EventFiringWebDriver.java:80)
at com.sun.proxy.$Proxy6.onException(Unknown Source)
at org.openqa.selenium.support.events.EventFiringWebDriver$2.invoke(EventFiringWebDriver.java:105)
at com.sun.proxy.$Proxy7.getScreenshotAs(Unknown Source)
at org.openqa.selenium.support.events.EventFiringWebDriver.getScreenshotAs(EventFiringWebDriver.java:269)
at com.clickTime.qa.util.TestUtil.takeScreenshotAtEndOfTest(TestUtil.java:61)
at com.clickTime.qa.util.WebEventListener.onException(WebEventListener.java:63)
at org.openqa.selenium.support.events.EventFiringWebDriver$1.invoke(EventFiringWebDriver.java:80)
at com.sun.proxy.$Proxy6.onException(Unknown Source)
at org.openqa.selenium.support.events.EventFiringWebDriver$2.invoke(EventFiringWebDriver.java:105)
at com.sun.proxy.$Proxy7.getScreenshotAs(Unknown Source)
at org.openqa.selenium.support.events.EventFiringWebDriver.getScreenshotAs(EventFiringWebDriver.java:269)
at com.clickTime.qa.util.TestUtil.takeScreenshotAtEndOfTest(TestUtil.java:61)
at com.clickTime.qa.util.WebEventListener.onException(WebEventListener.java:63)
at org.openqa.selenium.support.events.EventFiringWebDriver$1.invoke(EventFiringWebDriver.java:80)
at com.sun.proxy.$Proxy6.onException(Unknown Source)
at org.openqa.selenium.support.events.EventFiringWebDriver$2.invoke(EventFiringWebDriver.java:105)
at com.sun.proxy.$Proxy7.getScreenshotAs(Unknown Source)
at org.openqa.selenium.support.events.EventFiringWebDriver.getScreenshotAs(EventFiringWebDriver.java:269)
at com.clickTime.qa.util.TestUtil.takeScreenshotAtEndOfTest(TestUtil.java:61)
at com.clickTime.qa.util.WebEventListener.onException(WebEventListener.java:63)
at org.openqa.selenium.support.events.EventFiringWebDriver$1.invoke(EventFiringWebDriver.java:80)
at com.sun.proxy.$Proxy6.onException(Unknown Source)
at org.openqa.selenium.support.events.EventFiringWebDriver$2.invoke(EventFiringWebDriver.java:105)
at com.sun.proxy.$Proxy7.getScreenshotAs(Unknown Source)
at org.openqa.selenium.support.events.EventFiringWebDriver.getScreenshotAs(EventFiringWebDriver.java:269)
at com.clickTime.qa.util.TestUtil.takeScreenshotAtEndOfTest(TestUtil.java:61)
at com.clickTime.qa.util.WebEventListener.onException(WebEventListener.java:63)
at org.openqa.selenium.support.events.EventFiringWebDriver$1.invoke(EventFiringWebDriver.java:80)
at com.sun.proxy.$Proxy6.onException(Unknown Source)
at org.openqa.selenium.support.events.EventFiringWebDriver$2.invoke(EventFiringWebDriver.java:105)
at com.sun.proxy.$Proxy7.getScreenshotAs(Unknown Source)
at org.openqa.selenium.support.events.EventFiringWebDriver.getScreenshotAs(EventFiringWebDriver.java:269)
at com.clickTime.qa.util.TestUtil.takeScreenshotAtEndOfTest(TestUtil.java:61)
at com.clickTime.qa.util.WebEventListener.onException(WebEventListener.java:63)
at org.openqa.selenium.support.events.EventFiringWebDriver$1.invoke(EventFiringWebDriver.java:80)
at com.sun.proxy.$Proxy6.onException(Unknown Source)
at org.openqa.selenium.support.events.EventFiringWebDriver$2.invoke(EventFiringWebDriver.java:105)
at com.sun.proxy.$Proxy7.getScreenshotAs(Unknown Source)
at org.openqa.selenium.support.events.EventFiringWebDriver.getScreenshotAs(EventFiringWebDriver.java:269)
at com.clickTime.qa.util.TestUtil.takeScreenshotAtEndOfTest(TestUtil.java:61)
at com.clickTime.qa.util.WebEventListener.onException(WebEventListener.java:63)
at org.openqa.selenium.support.events.EventFiringWebDriver$1.invoke(EventFiringWebDriver.java:80)
at com.sun.proxy.$Proxy6.onException(Unknown Source)
at org.openqa.selenium.support.events.EventFiringWebDriver$2.invoke(EventFiringWebDriver.java:105)
at com.sun.proxy.$Proxy7.getScreenshotAs(Unknown Source)
at org.openqa.selenium.support.events.EventFiringWebDriver.getScreenshotAs(EventFiringWebDriver.java:269)
at com.clickTime.qa.util.TestUtil.takeScreenshotAtEndOfTest(TestUtil.java:61)
at com.clickTime.qa.util.WebEventListener.onException(WebEventListener.java:63)
at org.openqa.selenium.support.events.EventFiringWebDriver$1.invoke(EventFiringWebDriver.java:80)
at com.sun.proxy.$Proxy6.onException(Unknown Source)
at org.openqa.selenium.support.events.EventFiringWebDriver$2.invoke(EventFiringWebDriver.java:105)
at com.sun.proxy.$Proxy7.getScreenshotAs(Unknown Source)
at org.openqa.selenium.support.events.EventFiringWebDriver.getScreenshotAs(EventFiringWebDriver.java:269)
at com.clickTime.qa.util.TestUtil.takeScreenshotAtEndOfTest(TestUtil.java:61)
at com.clickTime.qa.util.WebEventListener.onException(WebEventListener.java:63)
at org.openqa.selenium.support.events.EventFiringWebDriver$1.invoke(EventFiringWebDriver.java:80)
at com.sun.proxy.$Proxy6.onException(Unknown Source)
at org.openqa.selenium.support.events.EventFiringWebDriver$2.invoke(EventFiringWebDriver.java:105)
at com.sun.proxy.$Proxy7.getScreenshotAs(Unknown Source)
at org.openqa.selenium.support.events.EventFiringWebDriver.getScreenshotAs(EventFiringWebDriver.java:269)
at com.clickTime.qa.util.TestUtil.takeScreenshotAtEndOfTest(TestUtil.java:61)
at com.clickTime.qa.util.WebEventListener.onException(WebEventListener.java:63)
at org.openqa.selenium.support.events.EventFiringWebDriver$1.invoke(EventFiringWebDriver.java:80)
at com.sun.proxy.$Proxy6.onException(Unknown Source)
at org.openqa.selenium.support.events.EventFiringWebDriver$2.invoke(EventFiringWebDriver.java:105)
at com.sun.proxy.$Proxy7.getScreenshotAs(Unknown Source)
at org.openqa.selenium.support.events.EventFiringWebDriver.getScreenshotAs(EventFiringWebDriver.java:269)
at com.clickTime.qa.util.TestUtil.takeScreenshotAtEndOfTest(TestUtil.java:61)
at com.clickTime.qa.util.WebEventListener.onException(WebEventListener.java:63)
at org.openqa.selenium.support.events.EventFiringWebDriver$1.invoke(EventFiringWebDriver.java:80)
at com.sun.proxy.$Proxy6.onException(Unknown Source)
at org.openqa.selenium.support.events.EventFiringWebDriver$2.invoke(EventFiringWebDriver.java:105)
at com.sun.proxy.$Proxy7.getScreenshotAs(Unknown Source)
at org.openqa.selenium.support.events.EventFiringWebDriver.getScreenshotAs(EventFiringWebDriver.java:269)
at com.clickTime.qa.util.TestUtil.takeScreenshotAtEndOfTest(TestUtil.java:61)
at com.clickTime.qa.util.WebEventListener.onException(WebEventListener.java:63)
at org.openqa.selenium.support.events.EventFiringWebDriver$1.invoke(EventFiringWebDriver.java:80)
at com.sun.proxy.$Proxy6.onException(Unknown Source)
at org.openqa.selenium.support.events.EventFiringWebDriver$2.invoke(EventFiringWebDriver.java:105)
at com.sun.proxy.$Proxy7.getScreenshotAs(Unknown Source)
at org.openqa.selenium.support.events.EventFiringWebDriver.getScreenshotAs(EventFiringWebDriver.java:269)
at com.clickTime.qa.util.TestUtil.takeScreenshotAtEndOfTest(TestUtil.java:61)
at com.clickTime.qa.util.WebEventListener.onException(WebEventListener.java:63)
at org.openqa.selenium.support.events.EventFiringWebDriver$1.invoke(EventFiringWebDriver.java:80)
at com.sun.proxy.$Proxy6.onException(Unknown Source)
at org.openqa.selenium.support.events.EventFiringWebDriver$2.invoke(EventFiringWebDriver.java:105)
at com.sun.proxy.$Proxy7.getScreenshotAs(Unknown Source)
at org.openqa.selenium.support.events.EventFiringWebDriver.getScreenshotAs(EventFiringWebDriver.java:269)
at com.clickTime.qa.util.TestUtil.takeScreenshotAtEndOfTest(TestUtil.java:61)
at com.clickTime.qa.util.WebEventListener.onException(WebEventListener.java:63)
at org.openqa.selenium.support.events.EventFiringWebDriver$1.invoke(EventFiringWebDriver.java:80)
at com.sun.proxy.$Proxy6.onException(Unknown Source)
at org.openqa.selenium.support.events.EventFiringWebDriver$2.invoke(EventFiringWebDriver.java:105)
at com.sun.proxy.$Proxy7.getScreenshotAs(Unknown Source)
at org.openqa.selenium.support.events.EventFiringWebDriver.getScreenshotAs(EventFiringWebDriver.java:269)
at com.clickTime.qa.util.TestUtil.takeScreenshotAtEndOfTest(TestUtil.java:61)
at com.clickTime.qa.util.WebEventListener.onException(WebEventListener.java:63)
at org.openqa.selenium.support.events.EventFiringWebDriver$1.invoke(EventFiringWebDriver.java:80)
at com.sun.proxy.$Proxy6.onException(Unknown Source)
at org.openqa.selenium.support.events.EventFiringWebDriver$2.invoke(EventFiringWebDriver.java:105)
at com.sun.proxy.$Proxy7.getScreenshotAs(Unknown Source)
at org.openqa.selenium.support.events.EventFiringWebDriver.getScreenshotAs(EventFiringWebDriver.java:269)
at com.clickTime.qa.util.TestUtil.takeScreenshotAtEndOfTest(TestUtil.java:61)
at com.clickTime.qa.util.WebEventListener.onException(WebEventListener.java:63)
at org.openqa.selenium.support.events.EventFiringWebDriver$1.invoke(EventFiringWebDriver.java:80)
at com.sun.proxy.$Proxy6.onException(Unknown Source)
at org.openqa.selenium.support.events.EventFiringWebDriver$2.invoke(EventFiringWebDriver.java:105)
at com.sun.proxy.$Proxy7.getScreenshotAs(Unknown Source)
at org.openqa.selenium.support.events.EventFiringWebDriver.getScreenshotAs(EventFiringWebDriver.java:269)
at com.clickTime.qa.util.TestUtil.takeScreenshotAtEndOfTest(TestUtil.java:61)
at com.clickTime.qa.util.WebEventListener.onException(WebEventListener.java:63)
at org.openqa.selenium.support.events.EventFiringWebDriver$1.invoke(EventFiringWebDriver.java:80)
at com.sun.proxy.$Proxy6.onException(Unknown Source)
at org.openqa.selenium.support.events.EventFiringWebDriver$2.invoke(EventFiringWebDriver.java:105)
at com.sun.proxy.$Proxy7.getScreenshotAs(Unknown Source)
at org.openqa.selenium.support.events.EventFiringWebDriver.getScreenshotAs(EventFiringWebDriver.java:269)
at com.clickTime.qa.util.TestUtil.takeScreenshotAtEndOfTest(TestUtil.java:61)
at com.clickTime.qa.util.WebEventListener.onException(WebEventListener.java:63)
at org.openqa.selenium.support.events.EventFiringWebDriver$1.invoke(EventFiringWebDriver.java:80)
at com.sun.proxy.$Proxy6.onException(Unknown Source)
at org.openqa.selenium.support.events.EventFiringWebDriver$2.invoke(EventFiringWebDriver.java:105)
at com.sun.proxy.$Proxy7.getScreenshotAs(Unknown Source)
at org.openqa.selenium.support.events.EventFiringWebDriver.getScreenshotAs(EventFiringWebDriver.java:269)
at com.clickTime.qa.util.TestUtil.takeScreenshotAtEndOfTest(TestUtil.java:61)
at com.clickTime.qa.util.WebEventListener.onException(WebEventListener.java:63)
at org.openqa.selenium.support.events.EventFiringWebDriver$1.invoke(EventFiringWebDriver.java:80)
at com.sun.proxy.$Proxy6.onException(Unknown Source)
at org.openqa.selenium.support.events.EventFiringWebDriver$2.invoke(EventFiringWebDriver.java:105)
at com.sun.proxy.$Proxy7.getScreenshotAs(Unknown Source)
at org.openqa.selenium.support.events.EventFiringWebDriver.getScreenshotAs(EventFiringWebDriver.java:269)
at com.clickTime.qa.util.TestUtil.takeScreenshotAtEndOfTest(TestUtil.java:61)
at com.clickTime.qa.util.WebEventListener.onException(WebEventListener.java:63)
at org.openqa.selenium.support.events.EventFiringWebDriver$1.invoke(EventFiringWebDriver.java:80)
at com.sun.proxy.$Proxy6.onException(Unknown Source)
at org.openqa.selenium.support.events.EventFiringWebDriver$2.invoke(EventFiringWebDriver.java:105)
at com.sun.proxy.$Proxy7.getScreenshotAs(Unknown Source)
at org.openqa.selenium.support.events.EventFiringWebDriver.getScreenshotAs(EventFiringWebDriver.java:269)
at com.clickTime.qa.util.TestUtil.takeScreenshotAtEndOfTest(TestUtil.java:61)
at com.clickTime.qa.util.WebEventListener.onException(WebEventListener.java:63)
at org.openqa.selenium.support.events.EventFiringWebDriver$1.invoke(EventFiringWebDriver.java:80)
at com.sun.proxy.$Proxy6.onException(Unknown Source)
at org.openqa.selenium.support.events.EventFiringWebDriver$2.invoke(EventFiringWebDriver.java:105)
at com.sun.proxy.$Proxy7.getScreenshotAs(Unknown Source)
at org.openqa.selenium.support.events.EventFiringWebDriver.getScreenshotAs(EventFiringWebDriver.java:269)
at com.clickTime.qa.util.TestUtil.takeScreenshotAtEndOfTest(TestUtil.java:61)
at com.clickTime.qa.util.WebEventListener.onException(WebEventListener.java:63)
at org.openqa.selenium.support.events.EventFiringWebDriver$1.invoke(EventFiringWebDriver.java:80)
at com.sun.proxy.$Proxy6.onException(Unknown Source)
at org.openqa.selenium.support.events.EventFiringWebDriver$2.invoke(EventFiringWebDriver.java:105)
at com.sun.proxy.$Proxy7.getScreenshotAs(Unknown Source)
at org.openqa.selenium.support.events.EventFiringWebDriver.getScreenshotAs(EventFiringWebDriver.java:269)
at com.clickTime.qa.util.TestUtil.takeScreenshotAtEndOfTest(TestUtil.java:61)
at com.clickTime.qa.util.WebEventListener.onException(WebEventListener.java:63)
at org.openqa.selenium.support.events.EventFiringWebDriver$1.invoke(EventFiringWebDriver.java:80)
at com.sun.proxy.$Proxy6.onException(Unknown Source)
at org.openqa.selenium.support.events.EventFiringWebDriver$2.invoke(EventFiringWebDriver.java:105)
at com.sun.proxy.$Proxy7.getScreenshotAs(Unknown Source)
at org.openqa.selenium.support.events.EventFiringWebDriver.getScreenshotAs(EventFiringWebDriver.java:269)
at com.clickTime.qa.util.TestUtil.takeScreenshotAtEndOfTest(TestUtil.java:61)
at com.clickTime.qa.util.WebEventListener.onException(WebEventListener.java:63)
at org.openqa.selenium.support.events.EventFiringWebDriver$1.invoke(EventFiringWebDriver.java:80)
at com.sun.proxy.$Proxy6.onException(Unknown Source)
at org.openqa.selenium.support.events.EventFiringWebDriver$2.invoke(EventFiringWebDriver.java:105)
at com.sun.proxy.$Proxy7.getScreenshotAs(Unknown Source)
at org.openqa.selenium.support.events.EventFiringWebDriver.getScreenshotAs(EventFiringWebDriver.java:269)
at com.clickTime.qa.util.TestUtil.takeScreenshotAtEndOfTest(TestUtil.java:61)
at com.clickTime.qa.util.WebEventListener.onException(WebEventListener.java:63)
at org.openqa.selenium.support.events.EventFiringWebDriver$1.invoke(EventFiringWebDriver.java:80)
at com.sun.proxy.$Proxy6.onException(Unknown Source)
at org.openqa.selenium.support.events.EventFiringWebDriver$2.invoke(EventFiringWebDriver.java:105)
at com.sun.proxy.$Proxy7.getScreenshotAs(Unknown Source)
at org.openqa.selenium.support.events.EventFiringWebDriver.getScreenshotAs(EventFiringWebDriver.java:269)
at com.clickTime.qa.util.TestUtil.takeScreenshotAtEndOfTest(TestUtil.java:61)
at com.clickTime.qa.util.WebEventListener.onException(WebEventListener.java:63)
at org.openqa.selenium.support.events.EventFiringWebDriver$1.invoke(EventFiringWebDriver.java:80)
at com.sun.proxy.$Proxy6.onException(Unknown Source)
at org.openqa.selenium.support.events.EventFiringWebDriver$2.invoke(EventFiringWebDriver.java:105)
at com.sun.proxy.$Proxy7.getScreenshotAs(Unknown Source)
at org.openqa.selenium.support.events.EventFiringWebDriver.getScreenshotAs(EventFiringWebDriver.java:269)
at com.clickTime.qa.util.TestUtil.takeScreenshotAtEndOfTest(TestUtil.java:61)
at com.clickTime.qa.util.WebEventListener.onException(WebEventListener.java:63)
at org.openqa.selenium.support.events.EventFiringWebDriver$1.invoke(EventFiringWebDriver.java:80)
at com.sun.proxy.$Proxy6.onException(Unknown Source)
at org.openqa.selenium.support.events.EventFiringWebDriver$2.invoke(EventFiringWebDriver.java:105)
at com.sun.proxy.$Proxy7.getScreenshotAs(Unknown Source)
at org.openqa.selenium.support.events.EventFiringWebDriver.getScreenshotAs(EventFiringWebDriver.java:269)
at com.clickTime.qa.util.TestUtil.takeScreenshotAtEndOfTest(TestUtil.java:61)
at com.clickTime.qa.util.WebEventListener.onException(WebEventListener.java:63)
at org.openqa.selenium.support.events.EventFiringWebDriver$1.invoke(EventFiringWebDriver.java:80)
at com.sun.proxy.$Proxy6.onException(Unknown Source)
at org.openqa.selenium.support.events.EventFiringWebDriver$2.invoke(EventFiringWebDriver.java:105)
at com.sun.proxy.$Proxy7.getScreenshotAs(Unknown Source)
at org.openqa.selenium.support.events.EventFiringWebDriver.getScreenshotAs(EventFiringWebDriver.java:269)
at com.clickTime.qa.util.TestUtil.takeScreenshotAtEndOfTest(TestUtil.java:61)
at com.clickTime.qa.util.WebEventListener.onException(WebEventListener.java:63)
at org.openqa.selenium.support.events.EventFiringWebDriver$1.invoke(EventFiringWebDriver.java:80)
at com.sun.proxy.$Proxy6.onException(Unknown Source)
at org.openqa.selenium.support.events.EventFiringWebDriver$2.invoke(EventFiringWebDriver.java:105)
at com.sun.proxy.$Proxy7.getScreenshotAs(Unknown Source)
at org.openqa.selenium.support.events.EventFiringWebDriver.getScreenshotAs(EventFiringWebDriver.java:269)
at com.clickTime.qa.util.TestUtil.takeScreenshotAtEndOfTest(TestUtil.java:61)
at com.clickTime.qa.util.WebEventListener.onException(WebEventListener.java:63)
at org.openqa.selenium.support.events.EventFiringWebDriver$1.invoke(EventFiringWebDriver.java:80)
at com.sun.proxy.$Proxy6.onException(Unknown Source)
at org.openqa.selenium.support.events.EventFiringWebDriver$2.invoke(EventFiringWebDriver.java:105)
at com.sun.proxy.$Proxy7.getScreenshotAs(Unknown Source)
at org.openqa.selenium.support.events.EventFiringWebDriver.getScreenshotAs(EventFiringWebDriver.java:269)
at com.clickTime.qa.util.TestUtil.takeScreenshotAtEndOfTest(TestUtil.java:61)
at com.clickTime.qa.util.WebEventListener.onException(WebEventListener.java:63)
at org.openqa.selenium.support.events.EventFiringWebDriver$1.invoke(EventFiringWebDriver.java:80)
at com.sun.proxy.$Proxy6.onException(Unknown Source)
at org.openqa.selenium.support.events.EventFiringWebDriver$2.invoke(EventFiringWebDriver.java:105)
at com.sun.proxy.$Proxy7.getScreenshotAs(Unknown Source)
at org.openqa.selenium.support.events.EventFiringWebDriver.getScreenshotAs(EventFiringWebDriver.java:269)
at com.clickTime.qa.util.TestUtil.takeScreenshotAtEndOfTest(TestUtil.java:61)
at com.clickTime.qa.util.WebEventListener.onException(WebEventListener.java:63)
at org.openqa.selenium.support.events.EventFiringWebDriver$1.invoke(EventFiringWebDriver.java:80)
at com.sun.proxy.$Proxy6.onException(Unknown Source)
at org.openqa.selenium.support.events.EventFiringWebDriver$2.invoke(EventFiringWebDriver.java:105)
at com.sun.proxy.$Proxy7.getScreenshotAs(Unknown Source)
at org.openqa.selenium.support.events.EventFiringWebDriver.getScreenshotAs(EventFiringWebDriver.java:269)
at com.clickTime.qa.util.TestUtil.takeScreenshotAtEndOfTest(TestUtil.java:61)
at com.clickTime.qa.util.WebEventListener.onException(WebEventListener.java:63)
at org.openqa.selenium.support.events.EventFiringWebDriver$1.invoke(EventFiringWebDriver.java:80)
at com.sun.proxy.$Proxy6.onException(Unknown Source)
at org.openqa.selenium.support.events.EventFiringWebDriver$2.invoke(EventFiringWebDriver.java:105)
at com.sun.proxy.$Proxy7.getScreenshotAs(Unknown Source)
at org.openqa.selenium.support.events.EventFiringWebDriver.getScreenshotAs(EventFiringWebDriver.java:269)
at com.clickTime.qa.util.TestUtil.takeScreenshotAtEndOfTest(TestUtil.java:61)
at com.clickTime.qa.util.WebEventListener.onException(WebEventListener.java:63)
at org.openqa.selenium.support.events.EventFiringWebDriver$1.invoke(EventFiringWebDriver.java:80)
at com.sun.proxy.$Proxy6.onException(Unknown Source)
at org.openqa.selenium.support.events.EventFiringWebDriver$2.invoke(EventFiringWebDriver.java:105)
at com.sun.proxy.$Proxy7.getScreenshotAs(Unknown Source)
at org.openqa.selenium.support.events.EventFiringWebDriver.getScreenshotAs(EventFiringWebDriver.java:269)
at com.clickTime.qa.util.TestUtil.takeScreenshotAtEndOfTest(TestUtil.java:61)
at com.clickTime.qa.util.WebEventListener.onException(WebEventListener.java:63)
at org.openqa.selenium.support.events.EventFiringWebDriver$1.invoke(EventFiringWebDriver.java:80)
at com.sun.proxy.$Proxy6.onException(Unknown Source)
at org.openqa.selenium.support.events.EventFiringWebDriver$2.invoke(EventFiringWebDriver.java:105)
at com.sun.proxy.$Proxy7.getScreenshotAs(Unknown Source)
at org.openqa.selenium.support.events.EventFiringWebDriver.getScreenshotAs(EventFiringWebDriver.java:269)
at com.clickTime.qa.util.TestUtil.takeScreenshotAtEndOfTest(TestUtil.java:61)
at com.clickTime.qa.util.WebEventListener.onException(WebEventListener.java:63)
at org.openqa.selenium.support.events.EventFiringWebDriver$1.invoke(EventFiringWebDriver.java:80)
at com.sun.proxy.$Proxy6.onException(Unknown Source)
at org.openqa.selenium.support.events.EventFiringWebDriver$2.invoke(EventFiringWebDriver.java:105)
at com.sun.proxy.$Proxy7.getScreenshotAs(Unknown Source)
at org.openqa.selenium.support.events.EventFiringWebDriver.getScreenshotAs(EventFiringWebDriver.java:269)
at com.clickTime.qa.util.TestUtil.takeScreenshotAtEndOfTest(TestUtil.java:61)
at com.clickTime.qa.util.WebEventListener.onException(WebEventListener.java:63)
at org.openqa.selenium.support.events.EventFiringWebDriver$1.invoke(EventFiringWebDriver.java:80)
at com.sun.proxy.$Proxy6.onException(Unknown Source)
at org.openqa.selenium.support.events.EventFiringWebDriver$2.invoke(EventFiringWebDriver.java:105)
at com.sun.proxy.$Proxy7.getScreenshotAs(Unknown Source)
at org.openqa.selenium.support.events.EventFiringWebDriver.getScreenshotAs(EventFiringWebDriver.java:269)
at com.clickTime.qa.util.TestUtil.takeScreenshotAtEndOfTest(TestUtil.java:61)
at com.clickTime.qa.util.WebEventListener.onException(WebEventListener.java:63)
at org.openqa.selenium.support.events.EventFiringWebDriver$1.invoke(EventFiringWebDriver.java:80)
at com.sun.proxy.$Proxy6.onException(Unknown Source)
at org.openqa.selenium.support.events.EventFiringWebDriver$2.invoke(EventFiringWebDriver.java:105)
at com.sun.proxy.$Proxy7.getScreenshotAs(Unknown Source)
at org.openqa.selenium.support.events.EventFiringWebDriver.getScreenshotAs(EventFiringWebDriver.java:269)
at com.clickTime.qa.util.TestUtil.takeScreenshotAtEndOfTest(TestUtil.java:61)
at com.clickTime.qa.util.WebEventListener.onException(WebEventListener.java:63)
at org.openqa.selenium.support.events.EventFiringWebDriver$1.invoke(EventFiringWebDriver.java:80)
at com.sun.proxy.$Proxy6.onException(Unknown Source)
at org.openqa.selenium.support.events.EventFiringWebDriver$2.invoke(EventFiringWebDriver.java:105)
at com.sun.proxy.$Proxy7.getScreenshotAs(Unknown Source)
at org.openqa.selenium.support.events.EventFiringWebDriver.getScreenshotAs(EventFiringWebDriver.java:269)
at com.clickTime.qa.util.TestUtil.takeScreenshotAtEndOfTest(TestUtil.java:61)
at com.clickTime.qa.util.WebEventListener.onException(WebEventListener.java:63)
at org.openqa.selenium.support.events.EventFiringWebDriver$1.invoke(EventFiringWebDriver.java:80)
at com.sun.proxy.$Proxy6.onException(Unknown Source)
at org.openqa.selenium.support.events.EventFiringWebDriver$2.invoke(EventFiringWebDriver.java:105)
at com.sun.proxy.$Proxy7.getScreenshotAs(Unknown Source)
at org.openqa.selenium.support.events.EventFiringWebDriver.getScreenshotAs(EventFiringWebDriver.java:269)
at com.clickTime.qa.util.TestUtil.takeScreenshotAtEndOfTest(TestUtil.java:61)
at com.clickTime.qa.util.WebEventListener.onException(WebEventListener.java:63)
at org.openqa.selenium.support.events.EventFiringWebDriver$1.invoke(EventFiringWebDriver.java:80)
at com.sun.proxy.$Proxy6.onException(Unknown Source)
at org.openqa.selenium.support.events.EventFiringWebDriver$2.invoke(EventFiringWebDriver.java:105)
at com.sun.proxy.$Proxy7.getScreenshotAs(Unknown Source)
at org.openqa.selenium.support.events.EventFiringWebDriver.getScreenshotAs(EventFiringWebDriver.java:269)
at com.clickTime.qa.util.TestUtil.takeScreenshotAtEndOfTest(TestUtil.java:61)
at com.clickTime.qa.util.WebEventListener.onException(WebEventListener.java:63)
at org.openqa.selenium.support.events.EventFiringWebDriver$1.invoke(EventFiringWebDriver.java:80)
at com.sun.proxy.$Proxy6.onException(Unknown Source)
at org.openqa.selenium.support.events.EventFiringWebDriver$2.invoke(EventFiringWebDriver.java:105)
at com.sun.proxy.$Proxy7.getScreenshotAs(Unknown Source)
at org.openqa.selenium.support.events.EventFiringWebDriver.getScreenshotAs(EventFiringWebDriver.java:269)
at com.clickTime.qa.util.TestUtil.takeScreenshotAtEndOfTest(TestUtil.java:61)
at com.clickTime.qa.util.WebEventListener.onException(WebEventListener.java:63)
at org.openqa.selenium.support.events.EventFiringWebDriver$1.invoke(EventFiringWebDriver.java:80)
at com.sun.proxy.$Proxy6.onException(Unknown Source)
at org.openqa.selenium.support.events.EventFiringWebDriver$2.invoke(EventFiringWebDriver.java:105)
at com.sun.proxy.$Proxy7.getScreenshotAs(Unknown Source)
at org.openqa.selenium.support.events.EventFiringWebDriver.getScreenshotAs(EventFiringWebDriver.java:269)
at com.clickTime.qa.util.TestUtil.takeScreenshotAtEndOfTest(TestUtil.java:61)
at com.clickTime.qa.util.WebEventListener.onException(WebEventListener.java:63)
at org.openqa.selenium.support.events.EventFiringWebDriver$1.invoke(EventFiringWebDriver.java:80)
at com.sun.proxy.$Proxy6.onException(Unknown Source)
at org.openqa.selenium.support.events.EventFiringWebDriver$2.invoke(EventFiringWebDriver.java:105)
at com.sun.proxy.$Proxy7.getScreenshotAs(Unknown Source)
at org.openqa.selenium.support.events.EventFiringWebDriver.getScreenshotAs(EventFiringWebDriver.java:269)
at com.clickTime.qa.util.TestUtil.takeScreenshotAtEndOfTest(TestUtil.java:61)
at com.clickTime.qa.util.WebEventListener.onException(WebEventListener.java:63)
at org.openqa.selenium.support.events.EventFiringWebDriver$1.invoke(EventFiringWebDriver.java:80)
at com.sun.proxy.$Proxy6.onException(Unknown Source)
at org.openqa.selenium.support.events.EventFiringWebDriver$2.invoke(EventFiringWebDriver.java:105)
at com.sun.proxy.$Proxy7.getScreenshotAs(Unknown Source)
at org.openqa.selenium.support.events.EventFiringWebDriver.getScreenshotAs(EventFiringWebDriver.java:269)
at com.clickTime.qa.util.TestUtil.takeScreenshotAtEndOfTest(TestUtil.java:61)
at com.clickTime.qa.util.WebEventListener.onException(WebEventListener.java:63)
at org.openqa.selenium.support.events.EventFiringWebDriver$1.invoke(EventFiringWebDriver.java:80)
at com.sun.proxy.$Proxy6.onException(Unknown Source)
at org.openqa.selenium.support.events.EventFiringWebDriver$2.invoke(EventFiringWebDriver.java:105)
at com.sun.proxy.$Proxy7.getScreenshotAs(Unknown Source)
at org.openqa.selenium.support.events.EventFiringWebDriver.getScreenshotAs(EventFiringWebDriver.java:269)
at com.clickTime.qa.util.TestUtil.takeScreenshotAtEndOfTest(TestUtil.java:61)
at com.clickTime.qa.util.WebEventListener.onException(WebEventListener.java:63)
at org.openqa.selenium.support.events.EventFiringWebDriver$1.invoke(EventFiringWebDriver.java:80)
at com.sun.proxy.$Proxy6.onException(Unknown Source)
at org.openqa.selenium.support.events.EventFiringWebDriver$2.invoke(EventFiringWebDriver.java:105)
at com.sun.proxy.$Proxy7.getScreenshotAs(Unknown Source)
at org.openqa.selenium.support.events.EventFiringWebDriver.getScreenshotAs(EventFiringWebDriver.java:269)
at com.clickTime.qa.util.TestUtil.takeScreenshotAtEndOfTest(TestUtil.java:61)
at com.clickTime.qa.util.WebEventListener.onException(WebEventListener.java:63)
at org.openqa.selenium.support.events.EventFiringWebDriver$1.invoke(EventFiringWebDriver.java:80)
at com.sun.proxy.$Proxy6.onException(Unknown Source)
at org.openqa.selenium.support.events.EventFiringWebDriver$2.invoke(EventFiringWebDriver.java:105)
at com.sun.proxy.$Proxy7.getScreenshotAs(Unknown Source)
at org.openqa.selenium.support.events.EventFiringWebDriver.getScreenshotAs(EventFiringWebDriver.java:269)
at com.clickTime.qa.util.TestUtil.takeScreenshotAtEndOfTest(TestUtil.java:61)
at com.clickTime.qa.util.WebEventListener.onException(WebEventListener.java:63)
at org.openqa.selenium.support.events.EventFiringWebDriver$1.invoke(EventFiringWebDriver.java:80)
at com.sun.proxy.$Proxy6.onException(Unknown Source)
at org.openqa.selenium.support.events.EventFiringWebDriver$2.invoke(EventFiringWebDriver.java:105)
at com.sun.proxy.$Proxy7.getScreenshotAs(Unknown Source)
at org.openqa.selenium.support.events.EventFiringWebDriver.getScreenshotAs(EventFiringWebDriver.java:269)
at com.clickTime.qa.util.TestUtil.takeScreenshotAtEndOfTest(TestUtil.java:61)
at com.clickTime.qa.util.WebEventListener.onException(WebEventListener.java:63)
at org.openqa.selenium.support.events.EventFiringWebDriver$1.invoke(EventFiringWebDriver.java:80)
at com.sun.proxy.$Proxy6.onException(Unknown Source)
at org.openqa.selenium.support.events.EventFiringWebDriver$2.invoke(EventFiringWebDriver.java:105)
at com.sun.proxy.$Proxy7.getScreenshotAs(Unknown Source)
at org.openqa.selenium.support.events.EventFiringWebDriver.getScreenshotAs(EventFiringWebDriver.java:269)
at com.clickTime.qa.util.TestUtil.takeScreenshotAtEndOfTest(TestUtil.java:61)
at com.clickTime.qa.util.WebEventListener.onException(WebEventListener.java:63)
at org.openqa.selenium.support.events.EventFiringWebDriver$1.invoke(EventFiringWebDriver.java:80)
at com.sun.proxy.$Proxy6.onException(Unknown Source)
at org.openqa.selenium.support.events.EventFiringWebDriver$2.invoke(EventFiringWebDriver.java:105)
at com.sun.proxy.$Proxy7.getScreenshotAs(Unknown Source)
at org.openqa.selenium.support.events.EventFiringWebDriver.getScreenshotAs(EventFiringWebDriver.java:269)
at com.clickTime.qa.util.TestUtil.takeScreenshotAtEndOfTest(TestUtil.java:61)
at com.clickTime.qa.util.WebEventListener.onException(WebEventListener.java:63)
at org.openqa.selenium.support.events.EventFiringWebDriver$1.invoke(EventFiringWebDriver.java:80)
at com.sun.proxy.$Proxy6.onException(Unknown Source)
at org.openqa.selenium.support.events.EventFiringWebDriver$2.invoke(EventFiringWebDriver.java:105)
at com.sun.proxy.$Proxy7.getScreenshotAs(Unknown Source)
at org.openqa.selenium.support.events.EventFiringWebDriver.getScreenshotAs(EventFiringWebDriver.java:269)
at com.clickTime.qa.util.TestUtil.takeScreenshotAtEndOfTest(TestUtil.java:61)
at com.clickTime.qa.util.WebEventListener.onException(WebEventListener.java:63)
at org.openqa.selenium.support.events.EventFiringWebDriver$1.invoke(EventFiringWebDriver.java:80)
at com.sun.proxy.$Proxy6.onException(Unknown Source)
at org.openqa.selenium.support.events.EventFiringWebDriver$2.invoke(EventFiringWebDriver.java:105)
at com.sun.proxy.$Proxy7.getScreenshotAs(Unknown Source)
at org.openqa.selenium.support.events.EventFiringWebDriver.getScreenshotAs(EventFiringWebDriver.java:269)
at com.clickTime.qa.util.TestUtil.takeScreenshotAtEndOfTest(TestUtil.java:61)
at com.clickTime.qa.util.WebEventListener.onException(WebEventListener.java:63)
at org.openqa.selenium.support.events.EventFiringWebDriver$1.invoke(EventFiringWebDriver.java:80)
at com.sun.proxy.$Proxy6.onException(Unknown Source)
at org.openqa.selenium.support.events.EventFiringWebDriver$2.invoke(EventFiringWebDriver.java:105)
at com.sun.proxy.$Proxy7.getScreenshotAs(Unknown Source)
at org.openqa.selenium.support.events.EventFiringWebDriver.getScreenshotAs(EventFiringWebDriver.java:269)
at com.clickTime.qa.util.TestUtil.takeScreenshotAtEndOfTest(TestUtil.java:61)
at com.clickTime.qa.util.WebEventListener.onException(WebEventListener.java:63)
at org.openqa.selenium.support.events.EventFiringWebDriver$1.invoke(EventFiringWebDriver.java:80)
at com.sun.proxy.$Proxy6.onException(Unknown Source)
at org.openqa.selenium.support.events.EventFiringWebDriver$2.invoke(EventFiringWebDriver.java:105)
at com.sun.proxy.$Proxy7.getScreenshotAs(Unknown Source)
at org.openqa.selenium.support.events.EventFiringWebDriver.getScreenshotAs(EventFiringWebDriver.java:269)
at com.clickTime.qa.util.TestUtil.takeScreenshotAtEndOfTest(TestUtil.java:61)
at com.clickTime.qa.util.WebEventListener.onException(WebEventListener.java:63)
at org.openqa.selenium.support.events.EventFiringWebDriver$1.invoke(EventFiringWebDriver.java:80)
at com.sun.proxy.$Proxy6.onException(Unknown Source)
at org.openqa.selenium.support.events.EventFiringWebDriver$2.invoke(EventFiringWebDriver.java:105)
at com.sun.proxy.$Proxy7.getScreenshotAs(Unknown Source)
at org.openqa.selenium.support.events.EventFiringWebDriver.getScreenshotAs(EventFiringWebDriver.java:269)
at com.clickTime.qa.util.TestUtil.takeScreenshotAtEndOfTest(TestUtil.java:61)
at com.clickTime.qa.util.WebEventListener.onException(WebEventListener.java:63)
at org.openqa.selenium.support.events.EventFiringWebDriver$1.invoke(EventFiringWebDriver.java:80)
at com.sun.proxy.$Proxy6.onException(Unknown Source)
at org.openqa.selenium.support.events.EventFiringWebDriver$2.invoke(EventFiringWebDriver.java:105)
at com.sun.proxy.$Proxy7.getScreenshotAs(Unknown Source)
at org.openqa.selenium.support.events.EventFiringWebDriver.getScreenshotAs(EventFiringWebDriver.java:269)
at com.clickTime.qa.util.TestUtil.takeScreenshotAtEndOfTest(TestUtil.java:61)
at com.clickTime.qa.util.WebEventListener.onException(WebEventListener.java:63)
at org.openqa.selenium.support.events.EventFiringWebDriver$1.invoke(EventFiringWebDriver.java:80)
at com.sun.proxy.$Proxy6.onException(Unknown Source)
at org.openqa.selenium.support.events.EventFiringWebDriver$2.invoke(EventFiringWebDriver.java:105)
at com.sun.proxy.$Proxy7.getScreenshotAs(Unknown Source)
at org.openqa.selenium.support.events.EventFiringWebDriver.getScreenshotAs(EventFiringWebDriver.java:269)
at com.clickTime.qa.util.TestUtil.takeScreenshotAtEndOfTest(TestUtil.java:61)
at com.clickTime.qa.util.WebEventListener.onException(WebEventListener.java:63)
at org.openqa.selenium.support.events.EventFiringWebDriver$1.invoke(EventFiringWebDriver.java:80)
at com.sun.proxy.$Proxy6.onException(Unknown Source)
at org.openqa.selenium.support.events.EventFiringWebDriver$2.invoke(EventFiringWebDriver.java:105)
at com.sun.proxy.$Proxy7.getScreenshotAs(Unknown Source)
at org.openqa.selenium.support.events.EventFiringWebDriver.getScreenshotAs(EventFiringWebDriver.java:269)
at com.clickTime.qa.util.TestUtil.takeScreenshotAtEndOfTest(TestUtil.java:61)
at com.clickTime.qa.util.WebEventListener.onException(WebEventListener.java:63)
at org.openqa.selenium.support.events.EventFiringWebDriver$1.invoke(EventFiringWebDriver.java:80)
at com.sun.proxy.$Proxy6.onException(Unknown Source)
at org.openqa.selenium.support.events.EventFiringWebDriver$2.invoke(EventFiringWebDriver.java:105)
at com.sun.proxy.$Proxy7.getScreenshotAs(Unknown Source)
at org.openqa.selenium.support.events.EventFiringWebDriver.getScreenshotAs(EventFiringWebDriver.java:269)
at com.clickTime.qa.util.TestUtil.takeScreenshotAtEndOfTest(TestUtil.java:61)
at com.clickTime.qa.util.WebEventListener.onException(WebEventListener.java:63)
at org.openqa.selenium.support.events.EventFiringWebDriver$1.invoke(EventFiringWebDriver.java:80)
at com.sun.proxy.$Proxy6.onException(Unknown Source)
at org.openqa.selenium.support.events.EventFiringWebDriver$2.invoke(EventFiringWebDriver.java:105)
at com.sun.proxy.$Proxy7.getScreenshotAs(Unknown Source)
at org.openqa.selenium.support.events.EventFiringWebDriver.getScreenshotAs(EventFiringWebDriver.java:269)
at com.clickTime.qa.util.TestUtil.takeScreenshotAtEndOfTest(TestUtil.java:61)
at com.clickTime.qa.util.WebEventListener.onException(WebEventListener.java:63)
at org.openqa.selenium.support.events.EventFiringWebDriver$1.invoke(EventFiringWebDriver.java:80)
at com.sun.proxy.$Proxy6.onException(Unknown Source)
at org.openqa.selenium.support.events.EventFiringWebDriver$2.invoke(EventFiringWebDriver.java:105)
at com.sun.proxy.$Proxy7.getScreenshotAs(Unknown Source)
at org.openqa.selenium.support.events.EventFiringWebDriver.getScreenshotAs(EventFiringWebDriver.java:269)
at com.clickTime.qa.util.TestUtil.takeScreenshotAtEndOfTest(TestUtil.java:61)
at com.clickTime.qa.util.WebEventListener.onException(WebEventListener.java:63)
at org.openqa.selenium.support.events.EventFiringWebDriver$1.invoke(EventFiringWebDriver.java:80)
at com.sun.proxy.$Proxy6.onException(Unknown Source)
at org.openqa.selenium.support.events.EventFiringWebDriver$2.invoke(EventFiringWebDriver.java:105)
at com.sun.proxy.$Proxy7.getScreenshotAs(Unknown Source)
at org.openqa.selenium.support.events.EventFiringWebDriver.getScreenshotAs(EventFiringWebDriver.java:269)
at com.clickTime.qa.util.TestUtil.takeScreenshotAtEndOfTest(TestUtil.java:61)
at com.clickTime.qa.util.WebEventListener.onException(WebEventListener.java:63)
at org.openqa.selenium.support.events.EventFiringWebDriver$1.invoke(EventFiringWebDriver.java:80)
at com.sun.proxy.$Proxy6.onException(Unknown Source)
at org.openqa.selenium.support.events.EventFiringWebDriver$2.invoke(EventFiringWebDriver.java:105)
at com.sun.proxy.$Proxy7.getScreenshotAs(Unknown Source)
at org.openqa.selenium.support.events.EventFiringWebDriver.getScreenshotAs(EventFiringWebDriver.java:269)
at com.clickTime.qa.util.TestUtil.takeScreenshotAtEndOfTest(TestUtil.java:61)
at com.clickTime.qa.util.WebEventListener.onException(WebEventListener.java:63)
at org.openqa.selenium.support.events.EventFiringWebDriver$1.invoke(EventFiringWebDriver.java:80)
at com.sun.proxy.$Proxy6.onException(Unknown Source)
at org.openqa.selenium.support.events.EventFiringWebDriver$2.invoke(EventFiringWebDriver.java:105)
at com.sun.proxy.$Proxy7.getScreenshotAs(Unknown Source)
at org.openqa.selenium.support.events.EventFiringWebDriver.getScreenshotAs(EventFiringWebDriver.java:269)
at com.clickTime.qa.util.TestUtil.takeScreenshotAtEndOfTest(TestUtil.java:61)
at com.clickTime.qa.util.WebEventListener.onException(WebEventListener.java:63)
at org.openqa.selenium.support.events.EventFiringWebDriver$1.invoke(EventFiringWebDriver.java:80)
at com.sun.proxy.$Proxy6.onException(Unknown Source)
at org.openqa.selenium.support.events.EventFiringWebDriver$2.invoke(EventFiringWebDriver.java:105)
at com.sun.proxy.$Proxy7.getScreenshotAs(Unknown Source)
at org.openqa.selenium.support.events.EventFiringWebDriver.getScreenshotAs(EventFiringWebDriver.java:269)
at com.clickTime.qa.util.TestUtil.takeScreenshotAtEndOfTest(TestUtil.java:61)
at com.clickTime.qa.util.WebEventListener.onException(WebEventListener.java:63)
at org.openqa.selenium.support.events.EventFiringWebDriver$1.invoke(EventFiringWebDriver.java:80)
at com.sun.proxy.$Proxy6.onException(Unknown Source)
at org.openqa.selenium.support.events.EventFiringWebDriver$2.invoke(EventFiringWebDriver.java:105)
at com.sun.proxy.$Proxy7.getScreenshotAs(Unknown Source)
at org.openqa.selenium.support.events.EventFiringWebDriver.getScreenshotAs(EventFiringWebDriver.java:269)
at com.clickTime.qa.util.TestUtil.takeScreenshotAtEndOfTest(TestUtil.java:61)
at com.clickTime.qa.util.WebEventListener.onException(WebEventListener.java:63)
at org.openqa.selenium.support.events.EventFiringWebDriver$1.invoke(EventFiringWebDriver.java:80)
at com.sun.proxy.$Proxy6.onException(Unknown Source)
at org.openqa.selenium.support.events.EventFiringWebDriver$2.invoke(EventFiringWebDriver.java:105)
at com.sun.proxy.$Proxy7.getScreenshotAs(Unknown Source)
at org.openqa.selenium.support.events.EventFiringWebDriver.getScreenshotAs(EventFiringWebDriver.java:269)
at com.clickTime.qa.util.TestUtil.takeScreenshotAtEndOfTest(TestUtil.java:61)
at com.clickTime.qa.util.WebEventListener.onException(WebEventListener.java:63)
at org.openqa.selenium.support.events.EventFiringWebDriver$1.invoke(EventFiringWebDriver.java:80)
... Removed 300 stack frames]]>
    </failure>
  </testcase> <!-- fillTimeWeeklyTimeSheettest -->
</testsuite> <!-- Test -->
