<?xml version="1.0" encoding="UTF-8" ?>
<testsuite tests="6" failures="1" name="TestSuite" time="18.475" errors="0" skipped="0">
  <properties>
[...]
</properties>
  <testcase classname="com.clickTime.qa.testCases.HomePageTest" name="verifyHomePageTitletest" time="0.014"/>
  <testcase classname="com.clickTime.qa.testCases.LoginPageTest" name="loginPageTitleTest" time="0.013"/>
  <testcase classname="com.clickTime.qa.testCases.HomePageTest" name="verifyusernameLabeltest" time="0.061"/>
  <testcase classname="com.clickTime.qa.testCases.LoginPageTest" name="clickTimeImageLogoTest" time="0.053"/>
  <testcase classname="com.clickTime.qa.testCases.HomePageTest" name="fillTimeWeeklyTimeSheettest" time="2.459">
    <failure message="unknown error: Element &lt;span id=&quot;...ButtonBottom-btnInnerEl&quot; class=&quot;x-btn-inner&quot; style=&quot;margin:0px -3px 1px -3px&quot;&gt;Save&lt;/span&gt; is not clickable at point (1136, 592). Other element would receive the click: &lt;span&gt;...&lt;/span&gt;
  (Session info: chrome=67.0.3396.99)
  (Driver info: chromedriver=2.37.544315 (730aa6a5fdba159ac9f4c1e8cbc59bf1b5ce12b7),platform=Windows NT 6.1.7601 SP1 x86_64) (WARNING: The server did not provide any stacktrace information)
Command duration or timeout: 0 milliseconds
Build info: version: &apos;3.12.0&apos;, revision: &apos;7c6e0b3&apos;, time: &apos;2018-05-08T14:04:26.12Z&apos;
System info: host: &apos;XIPLRAC009&apos;, ip: &apos;192.168.225.124&apos;, os.name: &apos;Windows 7&apos;, os.arch: &apos;amd64&apos;, os.version: &apos;6.1&apos;, java.version: &apos;1.8.0_25&apos;
Driver info: org.openqa.selenium.chrome.ChromeDriver
Capabilities {acceptInsecureCerts: false, acceptSslCerts: false, applicationCacheEnabled: false, browserConnectionEnabled: false, browserName: chrome, chrome: {chromedriverVersion: 2.37.544315 (730aa6a5fdba15..., userDataDir: C:\Users\strivedi\AppData\L...}, cssSelectorsEnabled: true, databaseEnabled: false, handlesAlerts: true, hasTouchScreen: false, javascriptEnabled: true, locationContextEnabled: true, mobileEmulationEnabled: false, nativeEvents: true, networkConnectionEnabled: false, pageLoadStrategy: normal, platform: XP, platformName: XP, rotatable: false, setWindowRect: true, takesHeapSnapshot: true, takesScreenshot: true, unexpectedAlertBehaviour: , unhandledPromptBehavior: , version: 67.0.3396.99, webStorageEnabled: true}
Session ID: 1e5834696de4c4586cec46a5d3eba14f" type="org.openqa.selenium.WebDriverException">org.openqa.selenium.WebDriverException: unknown error: Element &lt;span id=&quot;...ButtonBottom-btnInnerEl&quot; class=&quot;x-btn-inner&quot; style=&quot;margin:0px -3px 1px -3px&quot;&gt;Save&lt;/span&gt; is not clickable at point (1136, 592). Other element would receive the click: &lt;span&gt;...&lt;/span&gt;
  (Session info: chrome=67.0.3396.99)
  (Driver info: chromedriver=2.37.544315 (730aa6a5fdba159ac9f4c1e8cbc59bf1b5ce12b7),platform=Windows NT 6.1.7601 SP1 x86_64) (WARNING: The server did not provide any stacktrace information)
Command duration or timeout: 0 milliseconds
Build info: version: &apos;3.12.0&apos;, revision: &apos;7c6e0b3&apos;, time: &apos;2018-05-08T14:04:26.12Z&apos;
System info: host: &apos;XIPLRAC009&apos;, ip: &apos;192.168.225.124&apos;, os.name: &apos;Windows 7&apos;, os.arch: &apos;amd64&apos;, os.version: &apos;6.1&apos;, java.version: &apos;1.8.0_25&apos;
Driver info: org.openqa.selenium.chrome.ChromeDriver
Capabilities {acceptInsecureCerts: false, acceptSslCerts: false, applicationCacheEnabled: false, browserConnectionEnabled: false, browserName: chrome, chrome: {chromedriverVersion: 2.37.544315 (730aa6a5fdba15..., userDataDir: C:\Users\strivedi\AppData\L...}, cssSelectorsEnabled: true, databaseEnabled: false, handlesAlerts: true, hasTouchScreen: false, javascriptEnabled: true, locationContextEnabled: true, mobileEmulationEnabled: false, nativeEvents: true, networkConnectionEnabled: false, pageLoadStrategy: normal, platform: XP, platformName: XP, rotatable: false, setWindowRect: true, takesHeapSnapshot: true, takesScreenshot: true, unexpectedAlertBehaviour: , unhandledPromptBehavior: , version: 67.0.3396.99, webStorageEnabled: true}
Session ID: 1e5834696de4c4586cec46a5d3eba14f
	at sun.reflect.NativeConstructorAccessorImpl.newInstance0(Native Method)
	at sun.reflect.NativeConstructorAccessorImpl.newInstance(NativeConstructorAccessorImpl.java:62)
	at sun.reflect.DelegatingConstructorAccessorImpl.newInstance(DelegatingConstructorAccessorImpl.java:45)
	at java.lang.reflect.Constructor.newInstance(Constructor.java:408)
	at org.openqa.selenium.remote.ErrorHandler.createThrowable(ErrorHandler.java:214)
	at org.openqa.selenium.remote.ErrorHandler.throwIfResponseFailed(ErrorHandler.java:166)
	at org.openqa.selenium.remote.http.JsonHttpResponseCodec.reconstructValue(JsonHttpResponseCodec.java:40)
	at org.openqa.selenium.remote.http.AbstractHttpResponseCodec.decode(AbstractHttpResponseCodec.java:80)
	at org.openqa.selenium.remote.http.AbstractHttpResponseCodec.decode(AbstractHttpResponseCodec.java:44)
	at org.openqa.selenium.remote.HttpCommandExecutor.execute(HttpCommandExecutor.java:158)
	at org.openqa.selenium.remote.service.DriverCommandExecutor.execute(DriverCommandExecutor.java:83)
	at org.openqa.selenium.remote.RemoteWebDriver.execute(RemoteWebDriver.java:543)
	at org.openqa.selenium.remote.RemoteWebElement.execute(RemoteWebElement.java:276)
	at org.openqa.selenium.remote.RemoteWebElement.click(RemoteWebElement.java:83)
	at sun.reflect.NativeMethodAccessorImpl.invoke0(Native Method)
	at sun.reflect.NativeMethodAccessorImpl.invoke(NativeMethodAccessorImpl.java:62)
	at sun.reflect.DelegatingMethodAccessorImpl.invoke(DelegatingMethodAccessorImpl.java:43)
	at java.lang.reflect.Method.invoke(Method.java:483)
	at org.openqa.selenium.support.events.EventFiringWebDriver$EventFiringWebElement.lambda$new$0(EventFiringWebDriver.java:371)
	at org.openqa.selenium.support.events.EventFiringWebDriver$EventFiringWebElement$$Lambda$212/176342513.invoke(Unknown Source)
	at com.sun.proxy.$Proxy10.click(Unknown Source)
	at org.openqa.selenium.support.events.EventFiringWebDriver$EventFiringWebElement.click(EventFiringWebDriver.java:383)
	at sun.reflect.NativeMethodAccessorImpl.invoke0(Native Method)
	at sun.reflect.NativeMethodAccessorImpl.invoke(NativeMethodAccessorImpl.java:62)
	at sun.reflect.DelegatingMethodAccessorImpl.invoke(DelegatingMethodAccessorImpl.java:43)
	at java.lang.reflect.Method.invoke(Method.java:483)
	at org.openqa.selenium.support.pagefactory.internal.LocatingElementHandler.invoke(LocatingElementHandler.java:51)
	at com.sun.proxy.$Proxy9.click(Unknown Source)
	at com.clickTime.qa.pages.HomePage.fillTimeWeeklyTimeSheet(HomePage.java:56)
	at com.clickTime.qa.testCases.HomePageTest.fillTimeWeeklyTimeSheettest(HomePageTest.java:66)
</failure>
    <system-out>Before navigating to: &apos;https://login.clicktime.com/&apos;
Navigated to:&apos;https://login.clicktime.com/&apos;
Trying to find Element By : By.id: email
Found Element By : By.id: email
Trying to find Element By : By.id: password
Found Element By : By.id: password
Trying to find Element By : By.id: loginbutton
Found Element By : By.id: loginbutton
Trying to click on: [[ChromeDriver: chrome on XP (1e5834696de4c4586cec46a5d3eba14f)] -&gt; id: loginbutton]
Clicked on: [[ChromeDriver: chrome on XP (1e5834696de4c4586cec46a5d3eba14f)] -&gt; id: loginbutton]
Hi
Trying to find Element By : By.xpath: //input[@id=&apos;combobox-1010-inputEl&apos;]
Found Element By : By.xpath: //input[@id=&apos;combobox-1010-inputEl&apos;]
Trying to find Element By : By.xpath: //input[@id=&apos;combobox-1012-inputEl&apos;]
Found Element By : By.xpath: //input[@id=&apos;combobox-1012-inputEl&apos;]
Trying to find Element By : By.xpath: //input[@id=&apos;combobox-1012-inputEl&apos;]
Found Element By : By.xpath: //input[@id=&apos;combobox-1012-inputEl&apos;]
Trying to find Element By : By.xpath: //input[@id=&apos;AT0_C2Hours-inputEl&apos;]
Found Element By : By.xpath: //input[@id=&apos;AT0_C2Hours-inputEl&apos;]
Trying to find Element By : By.xpath: //span[@id=&apos;SaveButtonBottom-btnInnerEl&apos;]
Found Element By : By.xpath: //span[@id=&apos;SaveButtonBottom-btnInnerEl&apos;]
Trying to click on: [[ChromeDriver: chrome on XP (1e5834696de4c4586cec46a5d3eba14f)] -&gt; xpath: //span[@id=&apos;SaveButtonBottom-btnInnerEl&apos;]]
Exception occured: org.openqa.selenium.WebDriverException: unknown error: Element &lt;span id=&quot;...ButtonBottom-btnInnerEl&quot; class=&quot;x-btn-inner&quot; style=&quot;margin:0px -3px 1px -3px&quot;&gt;Save&lt;/span&gt; is not clickable at point (1136, 592). Other element would receive the click: &lt;span&gt;...&lt;/span&gt;
  (Session info: chrome=67.0.3396.99)
  (Driver info: chromedriver=2.37.544315 (730aa6a5fdba159ac9f4c1e8cbc59bf1b5ce12b7),platform=Windows NT 6.1.7601 SP1 x86_64) (WARNING: The server did not provide any stacktrace information)
Command duration or timeout: 0 milliseconds
Build info: version: &apos;3.12.0&apos;, revision: &apos;7c6e0b3&apos;, time: &apos;2018-05-08T14:04:26.12Z&apos;
System info: host: &apos;XIPLRAC009&apos;, ip: &apos;192.168.225.124&apos;, os.name: &apos;Windows 7&apos;, os.arch: &apos;amd64&apos;, os.version: &apos;6.1&apos;, java.version: &apos;1.8.0_25&apos;
Driver info: org.openqa.selenium.chrome.ChromeDriver
Capabilities {acceptInsecureCerts: false, acceptSslCerts: false, applicationCacheEnabled: false, browserConnectionEnabled: false, browserName: chrome, chrome: {chromedriverVersion: 2.37.544315 (730aa6a5fdba15..., userDataDir: C:\Users\strivedi\AppData\L...}, cssSelectorsEnabled: true, databaseEnabled: false, handlesAlerts: true, hasTouchScreen: false, javascriptEnabled: true, locationContextEnabled: true, mobileEmulationEnabled: false, nativeEvents: true, networkConnectionEnabled: false, pageLoadStrategy: normal, platform: XP, platformName: XP, rotatable: false, setWindowRect: true, takesHeapSnapshot: true, takesScreenshot: true, unexpectedAlertBehaviour: , unhandledPromptBehavior: , version: 67.0.3396.99, webStorageEnabled: true}
Session ID: 1e5834696de4c4586cec46a5d3eba14f
</system-out>
    <system-err>Starting ChromeDriver 2.37.544315 (730aa6a5fdba159ac9f4c1e8cbc59bf1b5ce12b7) on port 23079
Only local connections are allowed.
Jun 30, 2018 12:00:07 PM org.openqa.selenium.remote.ProtocolHandshake createSession
INFO: Detected dialect: OSS
</system-err>
  </testcase>
  <testcase classname="com.clickTime.qa.testCases.LoginPageTest" name="loginTest" time="15.875"/>
</testsuite>