<?xml version="1.0" encoding="UTF-8"?>
<testng-results skipped="0" failed="1" ignored="0" total="6" passed="5">
  <reporter-output>
  </reporter-output>
  <suite name="Command line suite" duration-ms="203227" started-at="2018-06-30T06:27:51Z" finished-at="2018-06-30T06:31:14Z">
    <groups>
    </groups>
    <test name="Command line test" duration-ms="203227" started-at="2018-06-30T06:27:51Z" finished-at="2018-06-30T06:31:14Z">
      <class name="com.clickTime.qa.testCases.HomePageTest">
        <test-method status="PASS" signature="setUp()[pri:0, instance:com.clickTime.qa.testCases.HomePageTest@3f2a3a5]" name="setUp" is-config="true" duration-ms="58444" started-at="2018-06-30T06:27:51Z" finished-at="2018-06-30T06:28:49Z">
          <reporter-output>
          </reporter-output>
        </test-method> <!-- setUp -->
        <test-method status="PASS" signature="verifyHomePageTitletest()[pri:1, instance:com.clickTime.qa.testCases.HomePageTest@3f2a3a5]" name="verifyHomePageTitletest" duration-ms="12" started-at="2018-06-30T06:28:49Z" finished-at="2018-06-30T06:28:49Z">
          <reporter-output>
          </reporter-output>
        </test-method> <!-- verifyHomePageTitletest -->
        <test-method status="PASS" signature="voidteardown()[pri:0, instance:com.clickTime.qa.testCases.HomePageTest@3f2a3a5]" name="voidteardown" is-config="true" duration-ms="804" started-at="2018-06-30T06:28:49Z" finished-at="2018-06-30T06:28:50Z">
          <reporter-output>
          </reporter-output>
        </test-method> <!-- voidteardown -->
        <test-method status="PASS" signature="setUp()[pri:0, instance:com.clickTime.qa.testCases.HomePageTest@3f2a3a5]" name="setUp" is-config="true" duration-ms="46006" started-at="2018-06-30T06:29:04Z" finished-at="2018-06-30T06:29:50Z">
          <reporter-output>
          </reporter-output>
        </test-method> <!-- setUp -->
        <test-method status="PASS" signature="verifyusernameLabeltest()[pri:2, instance:com.clickTime.qa.testCases.HomePageTest@3f2a3a5]" name="verifyusernameLabeltest" duration-ms="61" started-at="2018-06-30T06:29:50Z" finished-at="2018-06-30T06:29:50Z">
          <reporter-output>
          </reporter-output>
        </test-method> <!-- verifyusernameLabeltest -->
        <test-method status="PASS" signature="voidteardown()[pri:0, instance:com.clickTime.qa.testCases.HomePageTest@3f2a3a5]" name="voidteardown" is-config="true" duration-ms="1063" started-at="2018-06-30T06:29:50Z" finished-at="2018-06-30T06:29:51Z">
          <reporter-output>
          </reporter-output>
        </test-method> <!-- voidteardown -->
        <test-method status="PASS" signature="setUp()[pri:0, instance:com.clickTime.qa.testCases.HomePageTest@3f2a3a5]" name="setUp" is-config="true" duration-ms="35369" started-at="2018-06-30T06:30:05Z" finished-at="2018-06-30T06:30:41Z">
          <reporter-output>
          </reporter-output>
        </test-method> <!-- setUp -->
        <test-method status="FAIL" signature="fillTimeWeeklyTimeSheettest()[pri:3, instance:com.clickTime.qa.testCases.HomePageTest@3f2a3a5]" name="fillTimeWeeklyTimeSheettest" duration-ms="2455" started-at="2018-06-30T06:30:41Z" finished-at="2018-06-30T06:30:43Z">
          <exception class="org.openqa.selenium.WebDriverException">
            <message>
              <![CDATA[unknown error: Element <span id="...ButtonBottom-btnInnerEl" class="x-btn-inner" style="margin:0px -3px 1px -3px">Save</span> is not clickable at point (1136, 592). Other element would receive the click: <span>...</span>
  (Session info: chrome=67.0.3396.99)
  (Driver info: chromedriver=2.37.544315 (730aa6a5fdba159ac9f4c1e8cbc59bf1b5ce12b7),platform=Windows NT 6.1.7601 SP1 x86_64) (WARNING: The server did not provide any stacktrace information)
Command duration or timeout: 0 milliseconds
Build info: version: '3.12.0', revision: '7c6e0b3', time: '2018-05-08T14:04:26.12Z'
System info: host: 'XIPLRAC009', ip: '192.168.225.124', os.name: 'Windows 7', os.arch: 'amd64', os.version: '6.1', java.version: '1.8.0_25'
Driver info: org.openqa.selenium.chrome.ChromeDriver
Capabilities {acceptInsecureCerts: false, acceptSslCerts: false, applicationCacheEnabled: false, browserConnectionEnabled: false, browserName: chrome, chrome: {chromedriverVersion: 2.37.544315 (730aa6a5fdba15..., userDataDir: C:\Users\strivedi\AppData\L...}, cssSelectorsEnabled: true, databaseEnabled: false, handlesAlerts: true, hasTouchScreen: false, javascriptEnabled: true, locationContextEnabled: true, mobileEmulationEnabled: false, nativeEvents: true, networkConnectionEnabled: false, pageLoadStrategy: normal, platform: XP, platformName: XP, rotatable: false, setWindowRect: true, takesHeapSnapshot: true, takesScreenshot: true, unexpectedAlertBehaviour: , unhandledPromptBehavior: , version: 67.0.3396.99, webStorageEnabled: true}
Session ID: 1e5834696de4c4586cec46a5d3eba14f]]>
            </message>
            <full-stacktrace>
              <![CDATA[org.openqa.selenium.WebDriverException: unknown error: Element <span id="...ButtonBottom-btnInnerEl" class="x-btn-inner" style="margin:0px -3px 1px -3px">Save</span> is not clickable at point (1136, 592). Other element would receive the click: <span>...</span>
  (Session info: chrome=67.0.3396.99)
  (Driver info: chromedriver=2.37.544315 (730aa6a5fdba159ac9f4c1e8cbc59bf1b5ce12b7),platform=Windows NT 6.1.7601 SP1 x86_64) (WARNING: The server did not provide any stacktrace information)
Command duration or timeout: 0 milliseconds
Build info: version: '3.12.0', revision: '7c6e0b3', time: '2018-05-08T14:04:26.12Z'
System info: host: 'XIPLRAC009', ip: '192.168.225.124', os.name: 'Windows 7', os.arch: 'amd64', os.version: '6.1', java.version: '1.8.0_25'
Driver info: org.openqa.selenium.chrome.ChromeDriver
Capabilities {acceptInsecureCerts: false, acceptSslCerts: false, applicationCacheEnabled: false, browserConnectionEnabled: false, browserName: chrome, chrome: {chromedriverVersion: 2.37.544315 (730aa6a5fdba15..., userDataDir: C:\Users\strivedi\AppData\L...}, cssSelectorsEnabled: true, databaseEnabled: false, handlesAlerts: true, hasTouchScreen: false, javascriptEnabled: true, locationContextEnabled: true, mobileEmulationEnabled: false, nativeEvents: true, networkConnectionEnabled: false, pageLoadStrategy: normal, platform: XP, platformName: XP, rotatable: false, setWindowRect: true, takesHeapSnapshot: true, takesScreenshot: true, unexpectedAlertBehaviour: , unhandledPromptBehavior: , version: 67.0.3396.99, webStorageEnabled: true}
Session ID: 1e5834696de4c4586cec46a5d3eba14f
at sun.reflect.NativeConstructorAccessorImpl.newInstance0(Native Method)
at sun.reflect.NativeConstructorAccessorImpl.newInstance(NativeConstructorAccessorImpl.java:62)
at sun.reflect.DelegatingConstructorAccessorImpl.newInstance(DelegatingConstructorAccessorImpl.java:45)
at java.lang.reflect.Constructor.newInstance(Constructor.java:408)
at org.openqa.selenium.remote.ErrorHandler.createThrowable(ErrorHandler.java:214)
at org.openqa.selenium.remote.ErrorHandler.throwIfResponseFailed(ErrorHandler.java:166)
at org.openqa.selenium.remote.http.JsonHttpResponseCodec.reconstructValue(JsonHttpResponseCodec.java:40)
at org.openqa.selenium.remote.http.AbstractHttpResponseCodec.decode(AbstractHttpResponseCodec.java:80)
at org.openqa.selenium.remote.http.AbstractHttpResponseCodec.decode(AbstractHttpResponseCodec.java:44)
at org.openqa.selenium.remote.HttpCommandExecutor.execute(HttpCommandExecutor.java:158)
at org.openqa.selenium.remote.service.DriverCommandExecutor.execute(DriverCommandExecutor.java:83)
at org.openqa.selenium.remote.RemoteWebDriver.execute(RemoteWebDriver.java:543)
at org.openqa.selenium.remote.RemoteWebElement.execute(RemoteWebElement.java:276)
at org.openqa.selenium.remote.RemoteWebElement.click(RemoteWebElement.java:83)
at sun.reflect.NativeMethodAccessorImpl.invoke0(Native Method)
at sun.reflect.NativeMethodAccessorImpl.invoke(NativeMethodAccessorImpl.java:62)
at sun.reflect.DelegatingMethodAccessorImpl.invoke(DelegatingMethodAccessorImpl.java:43)
at java.lang.reflect.Method.invoke(Method.java:483)
at org.openqa.selenium.support.events.EventFiringWebDriver$EventFiringWebElement.lambda$new$0(EventFiringWebDriver.java:371)
at org.openqa.selenium.support.events.EventFiringWebDriver$EventFiringWebElement$$Lambda$212/176342513.invoke(Unknown Source)
at com.sun.proxy.$Proxy10.click(Unknown Source)
at org.openqa.selenium.support.events.EventFiringWebDriver$EventFiringWebElement.click(EventFiringWebDriver.java:383)
at sun.reflect.NativeMethodAccessorImpl.invoke0(Native Method)
at sun.reflect.NativeMethodAccessorImpl.invoke(NativeMethodAccessorImpl.java:62)
at sun.reflect.DelegatingMethodAccessorImpl.invoke(DelegatingMethodAccessorImpl.java:43)
at java.lang.reflect.Method.invoke(Method.java:483)
at org.openqa.selenium.support.pagefactory.internal.LocatingElementHandler.invoke(LocatingElementHandler.java:51)
at com.sun.proxy.$Proxy9.click(Unknown Source)
at com.clickTime.qa.pages.HomePage.fillTimeWeeklyTimeSheet(HomePage.java:56)
at com.clickTime.qa.testCases.HomePageTest.fillTimeWeeklyTimeSheettest(HomePageTest.java:66)
at sun.reflect.NativeMethodAccessorImpl.invoke0(Native Method)
at sun.reflect.NativeMethodAccessorImpl.invoke(NativeMethodAccessorImpl.java:62)
at sun.reflect.DelegatingMethodAccessorImpl.invoke(DelegatingMethodAccessorImpl.java:43)
at java.lang.reflect.Method.invoke(Method.java:483)
at org.testng.internal.MethodInvocationHelper.invokeMethod(MethodInvocationHelper.java:124)
at org.testng.internal.Invoker.invokeMethod(Invoker.java:583)
at org.testng.internal.Invoker.invokeTestMethod(Invoker.java:719)
at org.testng.internal.Invoker.invokeTestMethods(Invoker.java:989)
at org.testng.internal.TestMethodWorker.invokeTestMethods(TestMethodWorker.java:125)
at org.testng.internal.TestMethodWorker.run(TestMethodWorker.java:109)
at org.testng.TestRunner.privateRun(TestRunner.java:648)
at org.testng.TestRunner.run(TestRunner.java:505)
at org.testng.SuiteRunner.runTest(SuiteRunner.java:455)
at org.testng.SuiteRunner.runSequentially(SuiteRunner.java:450)
at org.testng.SuiteRunner.privateRun(SuiteRunner.java:415)
at org.testng.SuiteRunner.run(SuiteRunner.java:364)
at org.testng.SuiteRunnerWorker.runSuite(SuiteRunnerWorker.java:52)
at org.testng.SuiteRunnerWorker.run(SuiteRunnerWorker.java:84)
at org.testng.TestNG.runSuitesSequentially(TestNG.java:1208)
at org.testng.TestNG.runSuitesLocally(TestNG.java:1137)
at org.testng.TestNG.runSuites(TestNG.java:1049)
at org.testng.TestNG.run(TestNG.java:1017)
at org.apache.maven.surefire.testng.TestNGExecutor.run(TestNGExecutor.java:77)
at org.apache.maven.surefire.testng.TestNGDirectoryTestSuite.executeMulti(TestNGDirectoryTestSuite.java:159)
at org.apache.maven.surefire.testng.TestNGDirectoryTestSuite.execute(TestNGDirectoryTestSuite.java:99)
at org.apache.maven.surefire.testng.TestNGProvider.invoke(TestNGProvider.java:106)
at sun.reflect.NativeMethodAccessorImpl.invoke0(Native Method)
at sun.reflect.NativeMethodAccessorImpl.invoke(NativeMethodAccessorImpl.java:62)
at sun.reflect.DelegatingMethodAccessorImpl.invoke(DelegatingMethodAccessorImpl.java:43)
at java.lang.reflect.Method.invoke(Method.java:483)
at org.apache.maven.surefire.util.ReflectionUtils.invokeMethodWithArray(ReflectionUtils.java:189)
at org.apache.maven.surefire.booter.ProviderFactory$ProviderProxy.invoke(ProviderFactory.java:165)
at org.apache.maven.surefire.booter.ProviderFactory.invokeProvider(ProviderFactory.java:85)
at org.apache.maven.surefire.booter.ForkedBooter.runSuitesInProcess(ForkedBooter.java:115)
at org.apache.maven.surefire.booter.ForkedBooter.main(ForkedBooter.java:75)
]]>
            </full-stacktrace>
          </exception> <!-- org.openqa.selenium.WebDriverException -->
          <reporter-output>
          </reporter-output>
        </test-method> <!-- fillTimeWeeklyTimeSheettest -->
        <test-method status="PASS" signature="voidteardown()[pri:0, instance:com.clickTime.qa.testCases.HomePageTest@3f2a3a5]" name="voidteardown" is-config="true" duration-ms="925" started-at="2018-06-30T06:30:43Z" finished-at="2018-06-30T06:30:44Z">
          <reporter-output>
          </reporter-output>
        </test-method> <!-- voidteardown -->
      </class> <!-- com.clickTime.qa.testCases.HomePageTest -->
      <class name="com.clickTime.qa.testCases.LoginPageTest">
        <test-method status="PASS" signature="setUp()[pri:0, instance:com.clickTime.qa.testCases.LoginPageTest@4cb2c100]" name="setUp" is-config="true" duration-ms="12846" started-at="2018-06-30T06:28:50Z" finished-at="2018-06-30T06:29:03Z">
          <reporter-output>
          </reporter-output>
        </test-method> <!-- setUp -->
        <test-method status="PASS" signature="loginPageTitleTest()[pri:1, instance:com.clickTime.qa.testCases.LoginPageTest@4cb2c100]" name="loginPageTitleTest" duration-ms="12" started-at="2018-06-30T06:29:03Z" finished-at="2018-06-30T06:29:03Z">
          <reporter-output>
          </reporter-output>
        </test-method> <!-- loginPageTitleTest -->
        <test-method status="PASS" signature="voidteardown()[pri:0, instance:com.clickTime.qa.testCases.LoginPageTest@4cb2c100]" name="voidteardown" is-config="true" duration-ms="822" started-at="2018-06-30T06:29:03Z" finished-at="2018-06-30T06:29:04Z">
          <reporter-output>
          </reporter-output>
        </test-method> <!-- voidteardown -->
        <test-method status="PASS" signature="setUp()[pri:0, instance:com.clickTime.qa.testCases.LoginPageTest@4cb2c100]" name="setUp" is-config="true" duration-ms="13328" started-at="2018-06-30T06:29:51Z" finished-at="2018-06-30T06:30:04Z">
          <reporter-output>
          </reporter-output>
        </test-method> <!-- setUp -->
        <test-method status="PASS" signature="clickTimeImageLogoTest()[pri:2, instance:com.clickTime.qa.testCases.LoginPageTest@4cb2c100]" name="clickTimeImageLogoTest" duration-ms="54" started-at="2018-06-30T06:30:04Z" finished-at="2018-06-30T06:30:04Z">
          <reporter-output>
          </reporter-output>
        </test-method> <!-- clickTimeImageLogoTest -->
        <test-method status="PASS" signature="voidteardown()[pri:0, instance:com.clickTime.qa.testCases.LoginPageTest@4cb2c100]" name="voidteardown" is-config="true" duration-ms="998" started-at="2018-06-30T06:30:04Z" finished-at="2018-06-30T06:30:05Z">
          <reporter-output>
          </reporter-output>
        </test-method> <!-- voidteardown -->
        <test-method status="PASS" signature="setUp()[pri:0, instance:com.clickTime.qa.testCases.LoginPageTest@4cb2c100]" name="setUp" is-config="true" duration-ms="13185" started-at="2018-06-30T06:30:44Z" finished-at="2018-06-30T06:30:57Z">
          <reporter-output>
          </reporter-output>
        </test-method> <!-- setUp -->
        <test-method status="PASS" signature="loginTest()[pri:3, instance:com.clickTime.qa.testCases.LoginPageTest@4cb2c100]" name="loginTest" duration-ms="15876" started-at="2018-06-30T06:30:57Z" finished-at="2018-06-30T06:31:13Z">
          <reporter-output>
          </reporter-output>
        </test-method> <!-- loginTest -->
        <test-method status="PASS" signature="voidteardown()[pri:0, instance:com.clickTime.qa.testCases.LoginPageTest@4cb2c100]" name="voidteardown" is-config="true" duration-ms="887" started-at="2018-06-30T06:31:13Z" finished-at="2018-06-30T06:31:14Z">
          <reporter-output>
          </reporter-output>
        </test-method> <!-- voidteardown -->
      </class> <!-- com.clickTime.qa.testCases.LoginPageTest -->
    </test> <!-- Command line test -->
  </suite> <!-- Command line suite -->
</testng-results>
